[2023-11-13] [15:19:11] [main] INFO helpers.menus.AppMainMenu.<clinit>(AppMainMenu.java:32) - [32mДобро пожаловать в автосервис '4 колеса'![0m
[2023-11-13] [15:19:11] [main] INFO helpers.menus.AppMainMenu.mainMenu(AppMainMenu.java:46) - [32mПожалуйста, выберите одну из предложенных операций: [0m
[2023-11-13] [15:19:11] [main] INFO helpers.menus.AppMainMenu.mainMenu(AppMainMenu.java:50) - [1]. Показать список услуг автосервиса
[2023-11-13] [15:19:11] [main] INFO helpers.menus.AppMainMenu.mainMenu(AppMainMenu.java:51) - [2]. Показать список клиентов автосервиса
[2023-11-13] [15:19:11] [main] INFO helpers.menus.AppMainMenu.mainMenu(AppMainMenu.java:52) - [3]. Показать список машин обслуживающихся в автосервисе
[2023-11-13] [15:19:11] [main] INFO helpers.menus.AppMainMenu.mainMenu(AppMainMenu.java:53) - [4]. Магазин автозапчастей
[2023-11-13] [15:19:11] [main] INFO helpers.menus.AppMainMenu.mainMenu(AppMainMenu.java:54) - [5]. Показать список автомехаников
[2023-11-13] [15:19:11] [main] INFO helpers.menus.AppMainMenu.mainMenu(AppMainMenu.java:55) - [0]. Выйти из программы
[2023-11-13] [15:19:18] [main] INFO car.Car.showCars(Car.java:154) - [32mМарка автомобиля: [33mBMW X6[0m
[2023-11-13] [15:19:18] [main] INFO car.Car.showCars(Car.java:158) - [32mГод выпуска: [33m2023[0m
[2023-11-13] [15:19:18] [main] INFO car.Car.showCars(Car.java:162) - [32mПробег км: [33m1000[0m
[2023-11-13] [15:19:18] [main] INFO car.Car.isCarWashed(Car.java:72) - [32mВнешний вид машины: [0mМашина помыта[0m
[2023-11-13] [15:19:18] [main] INFO car.Car.isCarPainted(Car.java:90) - [32mПокраска кузова: [0mМашина не перекрашивалась[0m
[2023-11-13] [15:19:18] [main] INFO car.Car.isCarBodyRepaired(Car.java:108) - [32mСостояние кузова: [0mПроводился ремонт кузова[0m
[2023-11-13] [15:19:18] [main] INFO car.Car.isCarElectronicsRepaired(Car.java:126) - [32mСостояние электроники: [0mРемонта и замены электроники не проводилось[0m
[2023-11-13] [15:19:18] [main] INFO car.Car.isCarModernized(Car.java:144) - [32mМодернизация: [0mАвтомобиль модернизирован[0m
[2023-11-13] [15:19:18] [main] INFO car.Car.showCars(Car.java:191) - [32mИнформация о запчастях: [0m[[0m
Тип запчасти: [33mМоторное масло,[0m[0m Марка запчасти: [33mMobil 1,[0m[0m Наличие в магазине: [33mда[0m[0m Стоимость: [33m112.500000[0m[0m Срок поставки: [33m0[0m, [0m
Тип запчасти: [33mКомплект шин,[0m[0m Марка запчасти: [33mБелшина,[0m[0m Наличие в магазине: [33mнет[0m[0m Стоимость: [33m200.00[0m[0m Срок поставки: [33m5[0m, [0m
Тип запчасти: [33mКомплект тормозов,[0m[0m Марка запчасти: [33mШустрые тормоза,[0m[0m Наличие в магазине: [33mда[0m[0m Стоимость: [33m100.00[0m[0m Срок поставки: [33m0[0m]
[0m
[2023-11-13] [15:19:18] [main] INFO car.Car.showCars(Car.java:154) - [32mМарка автомобиля: [33mToyota Land Cruiser[0m
[2023-11-13] [15:19:18] [main] INFO car.Car.showCars(Car.java:158) - [32mГод выпуска: [33m2020[0m
[2023-11-13] [15:19:18] [main] INFO car.Car.showCars(Car.java:162) - [32mПробег км: [33m20000[0m
[2023-11-13] [15:19:18] [main] INFO car.Car.isCarWashed(Car.java:72) - [32mВнешний вид машины: [0mМашина не помыта[0m
[2023-11-13] [15:19:18] [main] INFO car.Car.isCarPainted(Car.java:90) - [32mПокраска кузова: [0mМашина перекрашена[0m
[2023-11-13] [15:19:18] [main] INFO car.Car.isCarBodyRepaired(Car.java:108) - [32mСостояние кузова: [0mРемонт кузова не проводился[0m
[2023-11-13] [15:19:18] [main] INFO car.Car.isCarElectronicsRepaired(Car.java:126) - [32mСостояние электроники: [0mПроведён ремонт и замена электроники[0m
[2023-11-13] [15:19:18] [main] INFO car.Car.isCarModernized(Car.java:144) - [32mМодернизация: [0mМодернизация не проводилась[0m
[2023-11-13] [15:19:18] [main] INFO car.Car.showCars(Car.java:191) - [32mИнформация о запчастях: [0m[[0m
Тип запчасти: [33mМоторное масло,[0m[0m Марка запчасти: [33mMobil 1,[0m[0m Наличие в магазине: [33mда[0m[0m Стоимость: [33m112.500000[0m[0m Срок поставки: [33m0[0m, [0m
Тип запчасти: [33mКомплект шин,[0m[0m Марка запчасти: [33mБелшина,[0m[0m Наличие в магазине: [33mнет[0m[0m Стоимость: [33m200.00[0m[0m Срок поставки: [33m5[0m]
[0m
[2023-11-13] [15:19:18] [main] INFO car.Car.showCars(Car.java:154) - [32mМарка автомобиля: [33mMercedes Benz[0m
[2023-11-13] [15:19:18] [main] INFO car.Car.showCars(Car.java:158) - [32mГод выпуска: [33m2015[0m
[2023-11-13] [15:19:18] [main] INFO car.Car.showCars(Car.java:162) - [32mПробег км: [33m500000[0m
[2023-11-13] [15:19:18] [main] INFO car.Car.isCarWashed(Car.java:72) - [32mВнешний вид машины: [0mМашина помыта[0m
[2023-11-13] [15:19:18] [main] INFO car.Car.isCarPainted(Car.java:90) - [32mПокраска кузова: [0mМашина перекрашена[0m
[2023-11-13] [15:19:18] [main] INFO car.Car.isCarBodyRepaired(Car.java:108) - [32mСостояние кузова: [0mРемонт кузова не проводился[0m
[2023-11-13] [15:19:18] [main] INFO car.Car.isCarElectronicsRepaired(Car.java:126) - [32mСостояние электроники: [0mРемонта и замены электроники не проводилось[0m
[2023-11-13] [15:19:18] [main] INFO car.Car.isCarModernized(Car.java:144) - [32mМодернизация: [0mАвтомобиль модернизирован[0m
[2023-11-13] [15:19:18] [main] INFO car.Car.showCars(Car.java:191) - [32mИнформация о запчастях: [0m[[0m
Тип запчасти: [33mМоторное масло,[0m[0m Марка запчасти: [33mMobil 1,[0m[0m Наличие в магазине: [33mда[0m[0m Стоимость: [33m112.500000[0m[0m Срок поставки: [33m0[0m]
[0m
[2023-11-13] [15:19:18] [main] INFO helpers.menus.AppMainMenu.mainMenu(AppMainMenu.java:46) - [32mПожалуйста, выберите одну из предложенных операций: [0m
[2023-11-13] [15:19:18] [main] INFO helpers.menus.AppMainMenu.mainMenu(AppMainMenu.java:50) - [1]. Показать список услуг автосервиса
[2023-11-13] [15:19:18] [main] INFO helpers.menus.AppMainMenu.mainMenu(AppMainMenu.java:51) - [2]. Показать список клиентов автосервиса
[2023-11-13] [15:19:18] [main] INFO helpers.menus.AppMainMenu.mainMenu(AppMainMenu.java:52) - [3]. Показать список машин обслуживающихся в автосервисе
[2023-11-13] [15:19:18] [main] INFO helpers.menus.AppMainMenu.mainMenu(AppMainMenu.java:53) - [4]. Магазин автозапчастей
[2023-11-13] [15:19:18] [main] INFO helpers.menus.AppMainMenu.mainMenu(AppMainMenu.java:54) - [5]. Показать список автомехаников
[2023-11-13] [15:19:18] [main] INFO helpers.menus.AppMainMenu.mainMenu(AppMainMenu.java:55) - [0]. Выйти из программы
[2023-11-13] [15:19:41] [main] INFO car.SparePart.showSpareParts(SparePart.java:48) - [32mМарка авто: [33mBMW X6, [0m[32mГод выпуска авто: [33m2023, [0m[32mПробег: [33m1000, [0m[32mЗапчасти: [33m[[0m
Тип запчасти: [33mМоторное масло,[0m[0m Марка запчасти: [33mMobil 1,[0m[0m Наличие в магазине: [33mда[0m[0m Стоимость: [33m253.1250000000[0m[0m Срок поставки: [33m0[0m, [0m
Тип запчасти: [33mКомплект шин,[0m[0m Марка запчасти: [33mБелшина,[0m[0m Наличие в магазине: [33mнет[0m[0m Стоимость: [33m200.00[0m[0m Срок поставки: [33m5[0m, [0m
Тип запчасти: [33mКомплект тормозов,[0m[0m Марка запчасти: [33mШустрые тормоза,[0m[0m Наличие в магазине: [33mда[0m[0m Стоимость: [33m100.00[0m[0m Срок поставки: [33m0[0m], [0m

[2023-11-13] [15:19:41] [main] INFO car.SparePart.showSpareParts(SparePart.java:48) - [32mМарка авто: [33mToyota Land Cruiser, [0m[32mГод выпуска авто: [33m2020, [0m[32mПробег: [33m20000, [0m[32mЗапчасти: [33m[[0m
Тип запчасти: [33mМоторное масло,[0m[0m Марка запчасти: [33mMobil 1,[0m[0m Наличие в магазине: [33mда[0m[0m Стоимость: [33m253.1250000000[0m[0m Срок поставки: [33m0[0m, [0m
Тип запчасти: [33mКомплект шин,[0m[0m Марка запчасти: [33mБелшина,[0m[0m Наличие в магазине: [33mнет[0m[0m Стоимость: [33m200.00[0m[0m Срок поставки: [33m5[0m], [0m

[2023-11-13] [15:19:41] [main] INFO car.SparePart.showSpareParts(SparePart.java:48) - [32mМарка авто: [33mMercedes Benz, [0m[32mГод выпуска авто: [33m2015, [0m[32mПробег: [33m500000, [0m[32mЗапчасти: [33m[[0m
Тип запчасти: [33mМоторное масло,[0m[0m Марка запчасти: [33mMobil 1,[0m[0m Наличие в магазине: [33mда[0m[0m Стоимость: [33m253.1250000000[0m[0m Срок поставки: [33m0[0m], [0m

[2023-11-13] [15:19:41] [main] INFO helpers.menus.AppMainMenu.mainMenu(AppMainMenu.java:46) - [32mПожалуйста, выберите одну из предложенных операций: [0m
[2023-11-13] [15:19:41] [main] INFO helpers.menus.AppMainMenu.mainMenu(AppMainMenu.java:50) - [1]. Показать список услуг автосервиса
[2023-11-13] [15:19:41] [main] INFO helpers.menus.AppMainMenu.mainMenu(AppMainMenu.java:51) - [2]. Показать список клиентов автосервиса
[2023-11-13] [15:19:41] [main] INFO helpers.menus.AppMainMenu.mainMenu(AppMainMenu.java:52) - [3]. Показать список машин обслуживающихся в автосервисе
[2023-11-13] [15:19:41] [main] INFO helpers.menus.AppMainMenu.mainMenu(AppMainMenu.java:53) - [4]. Магазин автозапчастей
[2023-11-13] [15:19:41] [main] INFO helpers.menus.AppMainMenu.mainMenu(AppMainMenu.java:54) - [5]. Показать список автомехаников
[2023-11-13] [15:19:41] [main] INFO helpers.menus.AppMainMenu.mainMenu(AppMainMenu.java:55) - [0]. Выйти из программы
[2023-11-13] [15:27:08] [main] INFO helpers.menus.AppMainMenu.<clinit>(AppMainMenu.java:32) - [32mДобро пожаловать в автосервис '4 колеса'![0m
[2023-11-13] [15:27:08] [main] INFO helpers.menus.AppMainMenu.mainMenu(AppMainMenu.java:46) - [32mПожалуйста, выберите одну из предложенных операций: [0m
[2023-11-13] [15:27:08] [main] INFO helpers.menus.AppMainMenu.mainMenu(AppMainMenu.java:50) - [1]. Показать список услуг автосервиса
[2023-11-13] [15:27:08] [main] INFO helpers.menus.AppMainMenu.mainMenu(AppMainMenu.java:51) - [2]. Показать список клиентов автосервиса
[2023-11-13] [15:27:08] [main] INFO helpers.menus.AppMainMenu.mainMenu(AppMainMenu.java:52) - [3]. Показать список машин обслуживающихся в автосервисе
[2023-11-13] [15:27:08] [main] INFO helpers.menus.AppMainMenu.mainMenu(AppMainMenu.java:53) - [4]. Магазин автозапчастей
[2023-11-13] [15:27:08] [main] INFO helpers.menus.AppMainMenu.mainMenu(AppMainMenu.java:54) - [5]. Показать список автомехаников
[2023-11-13] [15:27:08] [main] INFO helpers.menus.AppMainMenu.mainMenu(AppMainMenu.java:55) - [0]. Выйти из программы
[2023-11-13] [15:27:19] [main] INFO car.Car.showCars(Car.java:154) - [32mМарка автомобиля: [33mBMW X6[0m
[2023-11-13] [15:27:19] [main] INFO car.Car.showCars(Car.java:158) - [32mГод выпуска: [33m2023[0m
[2023-11-13] [15:27:19] [main] INFO car.Car.showCars(Car.java:162) - [32mПробег км: [33m1000[0m
[2023-11-13] [15:27:19] [main] INFO car.Car.isCarWashed(Car.java:72) - [32mВнешний вид машины: [0mМашина помыта[0m
[2023-11-13] [15:27:19] [main] INFO car.Car.isCarPainted(Car.java:90) - [32mПокраска кузова: [0mМашина не перекрашивалась[0m
[2023-11-13] [15:27:19] [main] INFO car.Car.isCarBodyRepaired(Car.java:108) - [32mСостояние кузова: [0mПроводился ремонт кузова[0m
[2023-11-13] [15:27:19] [main] INFO car.Car.isCarElectronicsRepaired(Car.java:126) - [32mСостояние электроники: [0mРемонта и замены электроники не проводилось[0m
[2023-11-13] [15:27:19] [main] INFO car.Car.isCarModernized(Car.java:144) - [32mМодернизация: [0mАвтомобиль модернизирован[0m
[2023-11-13] [15:27:19] [main] INFO car.Car.showCars(Car.java:191) - [32mИнформация о запчастях: [0m[[0m
Тип запчасти: [33mМоторное масло,[0m[0m Марка запчасти: [33mMobil 1,[0m[0m Наличие в магазине: [33mда[0m[0m Стоимость: [33m253.1250000000[0m[0m Срок поставки: [33m0[0m, [0m
Тип запчасти: [33mКомплект шин,[0m[0m Марка запчасти: [33mБелшина,[0m[0m Наличие в магазине: [33mнет[0m[0m Стоимость: [33m200.00[0m[0m Срок поставки: [33m1[0m, [0m
Тип запчасти: [33mКомплект тормозов,[0m[0m Марка запчасти: [33mШустрые тормоза,[0m[0m Наличие в магазине: [33mда[0m[0m Стоимость: [33m100.00[0m[0m Срок поставки: [33m0[0m]
[0m
[2023-11-13] [15:27:19] [main] INFO car.Car.showCars(Car.java:154) - [32mМарка автомобиля: [33mToyota Land Cruiser[0m
[2023-11-13] [15:27:19] [main] INFO car.Car.showCars(Car.java:158) - [32mГод выпуска: [33m2020[0m
[2023-11-13] [15:27:19] [main] INFO car.Car.showCars(Car.java:162) - [32mПробег км: [33m20000[0m
[2023-11-13] [15:27:19] [main] INFO car.Car.isCarWashed(Car.java:72) - [32mВнешний вид машины: [0mМашина не помыта[0m
[2023-11-13] [15:27:19] [main] INFO car.Car.isCarPainted(Car.java:90) - [32mПокраска кузова: [0mМашина перекрашена[0m
[2023-11-13] [15:27:19] [main] INFO car.Car.isCarBodyRepaired(Car.java:108) - [32mСостояние кузова: [0mРемонт кузова не проводился[0m
[2023-11-13] [15:27:19] [main] INFO car.Car.isCarElectronicsRepaired(Car.java:126) - [32mСостояние электроники: [0mПроведён ремонт и замена электроники[0m
[2023-11-13] [15:27:19] [main] INFO car.Car.isCarModernized(Car.java:144) - [32mМодернизация: [0mМодернизация не проводилась[0m
[2023-11-13] [15:27:19] [main] INFO car.Car.showCars(Car.java:191) - [32mИнформация о запчастях: [0m[[0m
Тип запчасти: [33mМоторное масло,[0m[0m Марка запчасти: [33mMobil 1,[0m[0m Наличие в магазине: [33mда[0m[0m Стоимость: [33m253.1250000000[0m[0m Срок поставки: [33m0[0m, [0m
Тип запчасти: [33mКомплект шин,[0m[0m Марка запчасти: [33mБелшина,[0m[0m Наличие в магазине: [33mнет[0m[0m Стоимость: [33m200.00[0m[0m Срок поставки: [33m1[0m]
[0m
[2023-11-13] [15:27:19] [main] INFO car.Car.showCars(Car.java:154) - [32mМарка автомобиля: [33mMercedes Benz[0m
[2023-11-13] [15:27:19] [main] INFO car.Car.showCars(Car.java:158) - [32mГод выпуска: [33m2015[0m
[2023-11-13] [15:27:19] [main] INFO car.Car.showCars(Car.java:162) - [32mПробег км: [33m500000[0m
[2023-11-13] [15:27:19] [main] INFO car.Car.isCarWashed(Car.java:72) - [32mВнешний вид машины: [0mМашина помыта[0m
[2023-11-13] [15:27:19] [main] INFO car.Car.isCarPainted(Car.java:90) - [32mПокраска кузова: [0mМашина перекрашена[0m
[2023-11-13] [15:27:19] [main] INFO car.Car.isCarBodyRepaired(Car.java:108) - [32mСостояние кузова: [0mРемонт кузова не проводился[0m
[2023-11-13] [15:27:19] [main] INFO car.Car.isCarElectronicsRepaired(Car.java:126) - [32mСостояние электроники: [0mРемонта и замены электроники не проводилось[0m
[2023-11-13] [15:27:19] [main] INFO car.Car.isCarModernized(Car.java:144) - [32mМодернизация: [0mАвтомобиль модернизирован[0m
[2023-11-13] [15:27:19] [main] INFO car.Car.showCars(Car.java:191) - [32mИнформация о запчастях: [0m[[0m
Тип запчасти: [33mМоторное масло,[0m[0m Марка запчасти: [33mMobil 1,[0m[0m Наличие в магазине: [33mда[0m[0m Стоимость: [33m253.1250000000[0m[0m Срок поставки: [33m0[0m]
[0m
[2023-11-13] [15:27:19] [main] INFO car.Car.showCars(Car.java:154) - [32mМарка автомобиля: [33mBMW X6[0m
[2023-11-13] [15:27:19] [main] INFO car.Car.showCars(Car.java:158) - [32mГод выпуска: [33m2023[0m
[2023-11-13] [15:27:19] [main] INFO car.Car.showCars(Car.java:162) - [32mПробег км: [33m1000[0m
[2023-11-13] [15:27:19] [main] INFO car.Car.isCarWashed(Car.java:72) - [32mВнешний вид машины: [0mМашина помыта[0m
[2023-11-13] [15:27:19] [main] INFO car.Car.isCarPainted(Car.java:90) - [32mПокраска кузова: [0mМашина не перекрашивалась[0m
[2023-11-13] [15:27:19] [main] INFO car.Car.isCarBodyRepaired(Car.java:108) - [32mСостояние кузова: [0mПроводился ремонт кузова[0m
[2023-11-13] [15:27:19] [main] INFO car.Car.isCarElectronicsRepaired(Car.java:126) - [32mСостояние электроники: [0mРемонта и замены электроники не проводилось[0m
[2023-11-13] [15:27:19] [main] INFO car.Car.isCarModernized(Car.java:144) - [32mМодернизация: [0mАвтомобиль модернизирован[0m
[2023-11-13] [15:27:19] [main] INFO car.Car.showCars(Car.java:191) - [32mИнформация о запчастях: [0m[[0m
Тип запчасти: [33mМоторное масло,[0m[0m Марка запчасти: [33mMobil 1,[0m[0m Наличие в магазине: [33mда[0m[0m Стоимость: [33m253.1250000000[0m[0m Срок поставки: [33m0[0m, [0m
Тип запчасти: [33mКомплект шин,[0m[0m Марка запчасти: [33mБелшина,[0m[0m Наличие в магазине: [33mнет[0m[0m Стоимость: [33m200.00[0m[0m Срок поставки: [33m1[0m, [0m
Тип запчасти: [33mКомплект тормозов,[0m[0m Марка запчасти: [33mШустрые тормоза,[0m[0m Наличие в магазине: [33mда[0m[0m Стоимость: [33m100.00[0m[0m Срок поставки: [33m0[0m]
[0m
[2023-11-13] [15:27:19] [main] INFO car.Car.showCars(Car.java:154) - [32mМарка автомобиля: [33mToyota Land Cruiser[0m
[2023-11-13] [15:27:19] [main] INFO car.Car.showCars(Car.java:158) - [32mГод выпуска: [33m2020[0m
[2023-11-13] [15:27:19] [main] INFO car.Car.showCars(Car.java:162) - [32mПробег км: [33m20000[0m
[2023-11-13] [15:27:19] [main] INFO car.Car.isCarWashed(Car.java:72) - [32mВнешний вид машины: [0mМашина не помыта[0m
[2023-11-13] [15:27:19] [main] INFO car.Car.isCarPainted(Car.java:90) - [32mПокраска кузова: [0mМашина перекрашена[0m
[2023-11-13] [15:27:19] [main] INFO car.Car.isCarBodyRepaired(Car.java:108) - [32mСостояние кузова: [0mРемонт кузова не проводился[0m
[2023-11-13] [15:27:19] [main] INFO car.Car.isCarElectronicsRepaired(Car.java:126) - [32mСостояние электроники: [0mПроведён ремонт и замена электроники[0m
[2023-11-13] [15:27:19] [main] INFO car.Car.isCarModernized(Car.java:144) - [32mМодернизация: [0mМодернизация не проводилась[0m
[2023-11-13] [15:27:19] [main] INFO car.Car.showCars(Car.java:191) - [32mИнформация о запчастях: [0m[[0m
Тип запчасти: [33mМоторное масло,[0m[0m Марка запчасти: [33mMobil 1,[0m[0m Наличие в магазине: [33mда[0m[0m Стоимость: [33m253.1250000000[0m[0m Срок поставки: [33m0[0m, [0m
Тип запчасти: [33mКомплект шин,[0m[0m Марка запчасти: [33mБелшина,[0m[0m Наличие в магазине: [33mнет[0m[0m Стоимость: [33m200.00[0m[0m Срок поставки: [33m1[0m]
[0m
[2023-11-13] [15:27:19] [main] INFO car.Car.showCars(Car.java:154) - [32mМарка автомобиля: [33mMercedes Benz[0m
[2023-11-13] [15:27:19] [main] INFO car.Car.showCars(Car.java:158) - [32mГод выпуска: [33m2015[0m
[2023-11-13] [15:27:19] [main] INFO car.Car.showCars(Car.java:162) - [32mПробег км: [33m500000[0m
[2023-11-13] [15:27:19] [main] INFO car.Car.isCarWashed(Car.java:72) - [32mВнешний вид машины: [0mМашина помыта[0m
[2023-11-13] [15:27:19] [main] INFO car.Car.isCarPainted(Car.java:90) - [32mПокраска кузова: [0mМашина перекрашена[0m
[2023-11-13] [15:27:19] [main] INFO car.Car.isCarBodyRepaired(Car.java:108) - [32mСостояние кузова: [0mРемонт кузова не проводился[0m
[2023-11-13] [15:27:19] [main] INFO car.Car.isCarElectronicsRepaired(Car.java:126) - [32mСостояние электроники: [0mРемонта и замены электроники не проводилось[0m
[2023-11-13] [15:27:19] [main] INFO car.Car.isCarModernized(Car.java:144) - [32mМодернизация: [0mАвтомобиль модернизирован[0m
[2023-11-13] [15:27:19] [main] INFO car.Car.showCars(Car.java:191) - [32mИнформация о запчастях: [0m[[0m
Тип запчасти: [33mМоторное масло,[0m[0m Марка запчасти: [33mMobil 1,[0m[0m Наличие в магазине: [33mда[0m[0m Стоимость: [33m253.1250000000[0m[0m Срок поставки: [33m0[0m]
[0m
[2023-11-13] [15:27:19] [main] INFO helpers.menus.AppMainMenu.mainMenu(AppMainMenu.java:46) - [32mПожалуйста, выберите одну из предложенных операций: [0m
[2023-11-13] [15:27:19] [main] INFO helpers.menus.AppMainMenu.mainMenu(AppMainMenu.java:50) - [1]. Показать список услуг автосервиса
[2023-11-13] [15:27:19] [main] INFO helpers.menus.AppMainMenu.mainMenu(AppMainMenu.java:51) - [2]. Показать список клиентов автосервиса
[2023-11-13] [15:27:19] [main] INFO helpers.menus.AppMainMenu.mainMenu(AppMainMenu.java:52) - [3]. Показать список машин обслуживающихся в автосервисе
[2023-11-13] [15:27:19] [main] INFO helpers.menus.AppMainMenu.mainMenu(AppMainMenu.java:53) - [4]. Магазин автозапчастей
[2023-11-13] [15:27:19] [main] INFO helpers.menus.AppMainMenu.mainMenu(AppMainMenu.java:54) - [5]. Показать список автомехаников
[2023-11-13] [15:27:19] [main] INFO helpers.menus.AppMainMenu.mainMenu(AppMainMenu.java:55) - [0]. Выйти из программы
[2023-11-13] [15:27:28] [main] INFO car.SparePart.showSpareParts(SparePart.java:48) - [32mМарка авто: [33mBMW X6, [0m[32mГод выпуска авто: [33m2023, [0m[32mПробег: [33m1000, [0m[32mЗапчасти: [33m[[0m
Тип запчасти: [33mМоторное масло,[0m[0m Марка запчасти: [33mMobil 1,[0m[0m Наличие в магазине: [33mда[0m[0m Стоимость: [33m6487.31689453125000000000000000[0m[0m Срок поставки: [33m0[0m, [0m
Тип запчасти: [33mКомплект шин,[0m[0m Марка запчасти: [33mБелшина,[0m[0m Наличие в магазине: [33mнет[0m[0m Стоимость: [33m200.00[0m[0m Срок поставки: [33m1[0m, [0m
Тип запчасти: [33mКомплект тормозов,[0m[0m Марка запчасти: [33mШустрые тормоза,[0m[0m Наличие в магазине: [33mда[0m[0m Стоимость: [33m100.00[0m[0m Срок поставки: [33m0[0m], [0m

[2023-11-13] [15:27:28] [main] INFO car.SparePart.showSpareParts(SparePart.java:48) - [32mМарка авто: [33mToyota Land Cruiser, [0m[32mГод выпуска авто: [33m2020, [0m[32mПробег: [33m20000, [0m[32mЗапчасти: [33m[[0m
Тип запчасти: [33mМоторное масло,[0m[0m Марка запчасти: [33mMobil 1,[0m[0m Наличие в магазине: [33mда[0m[0m Стоимость: [33m6487.31689453125000000000000000[0m[0m Срок поставки: [33m0[0m, [0m
Тип запчасти: [33mКомплект шин,[0m[0m Марка запчасти: [33mБелшина,[0m[0m Наличие в магазине: [33mнет[0m[0m Стоимость: [33m200.00[0m[0m Срок поставки: [33m1[0m], [0m

[2023-11-13] [15:27:28] [main] INFO car.SparePart.showSpareParts(SparePart.java:48) - [32mМарка авто: [33mMercedes Benz, [0m[32mГод выпуска авто: [33m2015, [0m[32mПробег: [33m500000, [0m[32mЗапчасти: [33m[[0m
Тип запчасти: [33mМоторное масло,[0m[0m Марка запчасти: [33mMobil 1,[0m[0m Наличие в магазине: [33mда[0m[0m Стоимость: [33m6487.31689453125000000000000000[0m[0m Срок поставки: [33m0[0m], [0m

[2023-11-13] [15:27:28] [main] INFO car.SparePart.showSpareParts(SparePart.java:48) - [32mМарка авто: [33mBMW X6, [0m[32mГод выпуска авто: [33m2023, [0m[32mПробег: [33m1000, [0m[32mЗапчасти: [33m[[0m
Тип запчасти: [33mМоторное масло,[0m[0m Марка запчасти: [33mMobil 1,[0m[0m Наличие в магазине: [33mда[0m[0m Стоимость: [33m6487.31689453125000000000000000[0m[0m Срок поставки: [33m0[0m, [0m
Тип запчасти: [33mКомплект шин,[0m[0m Марка запчасти: [33mБелшина,[0m[0m Наличие в магазине: [33mнет[0m[0m Стоимость: [33m200.00[0m[0m Срок поставки: [33m1[0m, [0m
Тип запчасти: [33mКомплект тормозов,[0m[0m Марка запчасти: [33mШустрые тормоза,[0m[0m Наличие в магазине: [33mда[0m[0m Стоимость: [33m100.00[0m[0m Срок поставки: [33m0[0m], [0m

[2023-11-13] [15:27:28] [main] INFO car.SparePart.showSpareParts(SparePart.java:48) - [32mМарка авто: [33mToyota Land Cruiser, [0m[32mГод выпуска авто: [33m2020, [0m[32mПробег: [33m20000, [0m[32mЗапчасти: [33m[[0m
Тип запчасти: [33mМоторное масло,[0m[0m Марка запчасти: [33mMobil 1,[0m[0m Наличие в магазине: [33mда[0m[0m Стоимость: [33m6487.31689453125000000000000000[0m[0m Срок поставки: [33m0[0m, [0m
Тип запчасти: [33mКомплект шин,[0m[0m Марка запчасти: [33mБелшина,[0m[0m Наличие в магазине: [33mнет[0m[0m Стоимость: [33m200.00[0m[0m Срок поставки: [33m1[0m], [0m

[2023-11-13] [15:27:28] [main] INFO car.SparePart.showSpareParts(SparePart.java:48) - [32mМарка авто: [33mMercedes Benz, [0m[32mГод выпуска авто: [33m2015, [0m[32mПробег: [33m500000, [0m[32mЗапчасти: [33m[[0m
Тип запчасти: [33mМоторное масло,[0m[0m Марка запчасти: [33mMobil 1,[0m[0m Наличие в магазине: [33mда[0m[0m Стоимость: [33m6487.31689453125000000000000000[0m[0m Срок поставки: [33m0[0m], [0m

[2023-11-13] [15:27:28] [main] INFO car.SparePart.showSpareParts(SparePart.java:48) - [32mМарка авто: [33mBMW X6, [0m[32mГод выпуска авто: [33m2023, [0m[32mПробег: [33m1000, [0m[32mЗапчасти: [33m[[0m
Тип запчасти: [33mМоторное масло,[0m[0m Марка запчасти: [33mMobil 1,[0m[0m Наличие в магазине: [33mда[0m[0m Стоимость: [33m6487.31689453125000000000000000[0m[0m Срок поставки: [33m0[0m, [0m
Тип запчасти: [33mКомплект шин,[0m[0m Марка запчасти: [33mБелшина,[0m[0m Наличие в магазине: [33mнет[0m[0m Стоимость: [33m200.00[0m[0m Срок поставки: [33m1[0m, [0m
Тип запчасти: [33mКомплект тормозов,[0m[0m Марка запчасти: [33mШустрые тормоза,[0m[0m Наличие в магазине: [33mда[0m[0m Стоимость: [33m100.00[0m[0m Срок поставки: [33m0[0m], [0m

[2023-11-13] [15:27:28] [main] INFO car.SparePart.showSpareParts(SparePart.java:48) - [32mМарка авто: [33mToyota Land Cruiser, [0m[32mГод выпуска авто: [33m2020, [0m[32mПробег: [33m20000, [0m[32mЗапчасти: [33m[[0m
Тип запчасти: [33mМоторное масло,[0m[0m Марка запчасти: [33mMobil 1,[0m[0m Наличие в магазине: [33mда[0m[0m Стоимость: [33m6487.31689453125000000000000000[0m[0m Срок поставки: [33m0[0m, [0m
Тип запчасти: [33mКомплект шин,[0m[0m Марка запчасти: [33mБелшина,[0m[0m Наличие в магазине: [33mнет[0m[0m Стоимость: [33m200.00[0m[0m Срок поставки: [33m1[0m], [0m

[2023-11-13] [15:27:28] [main] INFO car.SparePart.showSpareParts(SparePart.java:48) - [32mМарка авто: [33mMercedes Benz, [0m[32mГод выпуска авто: [33m2015, [0m[32mПробег: [33m500000, [0m[32mЗапчасти: [33m[[0m
Тип запчасти: [33mМоторное масло,[0m[0m Марка запчасти: [33mMobil 1,[0m[0m Наличие в магазине: [33mда[0m[0m Стоимость: [33m6487.31689453125000000000000000[0m[0m Срок поставки: [33m0[0m], [0m

[2023-11-13] [15:27:28] [main] INFO car.SparePart.showSpareParts(SparePart.java:48) - [32mМарка авто: [33mBMW X6, [0m[32mГод выпуска авто: [33m2023, [0m[32mПробег: [33m1000, [0m[32mЗапчасти: [33m[[0m
Тип запчасти: [33mМоторное масло,[0m[0m Марка запчасти: [33mMobil 1,[0m[0m Наличие в магазине: [33mда[0m[0m Стоимость: [33m6487.31689453125000000000000000[0m[0m Срок поставки: [33m0[0m, [0m
Тип запчасти: [33mКомплект шин,[0m[0m Марка запчасти: [33mБелшина,[0m[0m Наличие в магазине: [33mнет[0m[0m Стоимость: [33m200.00[0m[0m Срок поставки: [33m1[0m, [0m
Тип запчасти: [33mКомплект тормозов,[0m[0m Марка запчасти: [33mШустрые тормоза,[0m[0m Наличие в магазине: [33mда[0m[0m Стоимость: [33m100.00[0m[0m Срок поставки: [33m0[0m], [0m

[2023-11-13] [15:27:28] [main] INFO car.SparePart.showSpareParts(SparePart.java:48) - [32mМарка авто: [33mToyota Land Cruiser, [0m[32mГод выпуска авто: [33m2020, [0m[32mПробег: [33m20000, [0m[32mЗапчасти: [33m[[0m
Тип запчасти: [33mМоторное масло,[0m[0m Марка запчасти: [33mMobil 1,[0m[0m Наличие в магазине: [33mда[0m[0m Стоимость: [33m6487.31689453125000000000000000[0m[0m Срок поставки: [33m0[0m, [0m
Тип запчасти: [33mКомплект шин,[0m[0m Марка запчасти: [33mБелшина,[0m[0m Наличие в магазине: [33mнет[0m[0m Стоимость: [33m200.00[0m[0m Срок поставки: [33m1[0m], [0m

[2023-11-13] [15:27:28] [main] INFO car.SparePart.showSpareParts(SparePart.java:48) - [32mМарка авто: [33mMercedes Benz, [0m[32mГод выпуска авто: [33m2015, [0m[32mПробег: [33m500000, [0m[32mЗапчасти: [33m[[0m
Тип запчасти: [33mМоторное масло,[0m[0m Марка запчасти: [33mMobil 1,[0m[0m Наличие в магазине: [33mда[0m[0m Стоимость: [33m6487.31689453125000000000000000[0m[0m Срок поставки: [33m0[0m], [0m

[2023-11-13] [15:27:28] [main] INFO helpers.menus.AppMainMenu.mainMenu(AppMainMenu.java:46) - [32mПожалуйста, выберите одну из предложенных операций: [0m
[2023-11-13] [15:27:28] [main] INFO helpers.menus.AppMainMenu.mainMenu(AppMainMenu.java:50) - [1]. Показать список услуг автосервиса
[2023-11-13] [15:27:28] [main] INFO helpers.menus.AppMainMenu.mainMenu(AppMainMenu.java:51) - [2]. Показать список клиентов автосервиса
[2023-11-13] [15:27:28] [main] INFO helpers.menus.AppMainMenu.mainMenu(AppMainMenu.java:52) - [3]. Показать список машин обслуживающихся в автосервисе
[2023-11-13] [15:27:28] [main] INFO helpers.menus.AppMainMenu.mainMenu(AppMainMenu.java:53) - [4]. Магазин автозапчастей
[2023-11-13] [15:27:28] [main] INFO helpers.menus.AppMainMenu.mainMenu(AppMainMenu.java:54) - [5]. Показать список автомехаников
[2023-11-13] [15:27:28] [main] INFO helpers.menus.AppMainMenu.mainMenu(AppMainMenu.java:55) - [0]. Выйти из программы
[2023-11-13] [15:27:52] [main] INFO helpers.menus.AppMainMenu.<clinit>(AppMainMenu.java:32) - [32mДобро пожаловать в автосервис '4 колеса'![0m
[2023-11-13] [15:27:52] [main] INFO helpers.menus.AppMainMenu.mainMenu(AppMainMenu.java:46) - [32mПожалуйста, выберите одну из предложенных операций: [0m
[2023-11-13] [15:27:52] [main] INFO helpers.menus.AppMainMenu.mainMenu(AppMainMenu.java:50) - [1]. Показать список услуг автосервиса
[2023-11-13] [15:27:52] [main] INFO helpers.menus.AppMainMenu.mainMenu(AppMainMenu.java:51) - [2]. Показать список клиентов автосервиса
[2023-11-13] [15:27:52] [main] INFO helpers.menus.AppMainMenu.mainMenu(AppMainMenu.java:52) - [3]. Показать список машин обслуживающихся в автосервисе
[2023-11-13] [15:27:52] [main] INFO helpers.menus.AppMainMenu.mainMenu(AppMainMenu.java:53) - [4]. Магазин автозапчастей
[2023-11-13] [15:27:52] [main] INFO helpers.menus.AppMainMenu.mainMenu(AppMainMenu.java:54) - [5]. Показать список автомехаников
[2023-11-13] [15:27:52] [main] INFO helpers.menus.AppMainMenu.mainMenu(AppMainMenu.java:55) - [0]. Выйти из программы
[2023-11-13] [15:27:55] [main] INFO car.SparePart.showSpareParts(SparePart.java:48) - [32mМарка авто: [33mBMW X6, [0m[32mГод выпуска авто: [33m2023, [0m[32mПробег: [33m1000, [0m[32mЗапчасти: [33m[[0m
Тип запчасти: [33mМоторное масло,[0m[0m Марка запчасти: [33mMobil 1,[0m[0m Наличие в магазине: [33mда[0m[0m Стоимость: [33m253.1250000000[0m[0m Срок поставки: [33m0[0m, [0m
Тип запчасти: [33mКомплект шин,[0m[0m Марка запчасти: [33mБелшина,[0m[0m Наличие в магазине: [33mнет[0m[0m Стоимость: [33m200.00[0m[0m Срок поставки: [33m1[0m, [0m
Тип запчасти: [33mКомплект тормозов,[0m[0m Марка запчасти: [33mШустрые тормоза,[0m[0m Наличие в магазине: [33mда[0m[0m Стоимость: [33m100.00[0m[0m Срок поставки: [33m0[0m], [0m

[2023-11-13] [15:27:55] [main] INFO car.SparePart.showSpareParts(SparePart.java:48) - [32mМарка авто: [33mToyota Land Cruiser, [0m[32mГод выпуска авто: [33m2020, [0m[32mПробег: [33m20000, [0m[32mЗапчасти: [33m[[0m
Тип запчасти: [33mМоторное масло,[0m[0m Марка запчасти: [33mMobil 1,[0m[0m Наличие в магазине: [33mда[0m[0m Стоимость: [33m253.1250000000[0m[0m Срок поставки: [33m0[0m, [0m
Тип запчасти: [33mКомплект шин,[0m[0m Марка запчасти: [33mБелшина,[0m[0m Наличие в магазине: [33mнет[0m[0m Стоимость: [33m200.00[0m[0m Срок поставки: [33m1[0m], [0m

[2023-11-13] [15:27:55] [main] INFO car.SparePart.showSpareParts(SparePart.java:48) - [32mМарка авто: [33mMercedes Benz, [0m[32mГод выпуска авто: [33m2015, [0m[32mПробег: [33m500000, [0m[32mЗапчасти: [33m[[0m
Тип запчасти: [33mМоторное масло,[0m[0m Марка запчасти: [33mMobil 1,[0m[0m Наличие в магазине: [33mда[0m[0m Стоимость: [33m253.1250000000[0m[0m Срок поставки: [33m0[0m], [0m

[2023-11-13] [15:27:55] [main] INFO car.SparePart.showSpareParts(SparePart.java:48) - [32mМарка авто: [33mBMW X6, [0m[32mГод выпуска авто: [33m2023, [0m[32mПробег: [33m1000, [0m[32mЗапчасти: [33m[[0m
Тип запчасти: [33mМоторное масло,[0m[0m Марка запчасти: [33mMobil 1,[0m[0m Наличие в магазине: [33mда[0m[0m Стоимость: [33m253.1250000000[0m[0m Срок поставки: [33m0[0m, [0m
Тип запчасти: [33mКомплект шин,[0m[0m Марка запчасти: [33mБелшина,[0m[0m Наличие в магазине: [33mнет[0m[0m Стоимость: [33m200.00[0m[0m Срок поставки: [33m1[0m, [0m
Тип запчасти: [33mКомплект тормозов,[0m[0m Марка запчасти: [33mШустрые тормоза,[0m[0m Наличие в магазине: [33mда[0m[0m Стоимость: [33m100.00[0m[0m Срок поставки: [33m0[0m], [0m

[2023-11-13] [15:27:55] [main] INFO car.SparePart.showSpareParts(SparePart.java:48) - [32mМарка авто: [33mToyota Land Cruiser, [0m[32mГод выпуска авто: [33m2020, [0m[32mПробег: [33m20000, [0m[32mЗапчасти: [33m[[0m
Тип запчасти: [33mМоторное масло,[0m[0m Марка запчасти: [33mMobil 1,[0m[0m Наличие в магазине: [33mда[0m[0m Стоимость: [33m253.1250000000[0m[0m Срок поставки: [33m0[0m, [0m
Тип запчасти: [33mКомплект шин,[0m[0m Марка запчасти: [33mБелшина,[0m[0m Наличие в магазине: [33mнет[0m[0m Стоимость: [33m200.00[0m[0m Срок поставки: [33m1[0m], [0m

[2023-11-13] [15:27:55] [main] INFO car.SparePart.showSpareParts(SparePart.java:48) - [32mМарка авто: [33mMercedes Benz, [0m[32mГод выпуска авто: [33m2015, [0m[32mПробег: [33m500000, [0m[32mЗапчасти: [33m[[0m
Тип запчасти: [33mМоторное масло,[0m[0m Марка запчасти: [33mMobil 1,[0m[0m Наличие в магазине: [33mда[0m[0m Стоимость: [33m253.1250000000[0m[0m Срок поставки: [33m0[0m], [0m

[2023-11-13] [15:27:55] [main] INFO helpers.menus.AppMainMenu.mainMenu(AppMainMenu.java:46) - [32mПожалуйста, выберите одну из предложенных операций: [0m
[2023-11-13] [15:27:55] [main] INFO helpers.menus.AppMainMenu.mainMenu(AppMainMenu.java:50) - [1]. Показать список услуг автосервиса
[2023-11-13] [15:27:55] [main] INFO helpers.menus.AppMainMenu.mainMenu(AppMainMenu.java:51) - [2]. Показать список клиентов автосервиса
[2023-11-13] [15:27:55] [main] INFO helpers.menus.AppMainMenu.mainMenu(AppMainMenu.java:52) - [3]. Показать список машин обслуживающихся в автосервисе
[2023-11-13] [15:27:55] [main] INFO helpers.menus.AppMainMenu.mainMenu(AppMainMenu.java:53) - [4]. Магазин автозапчастей
[2023-11-13] [15:27:55] [main] INFO helpers.menus.AppMainMenu.mainMenu(AppMainMenu.java:54) - [5]. Показать список автомехаников
[2023-11-13] [15:27:55] [main] INFO helpers.menus.AppMainMenu.mainMenu(AppMainMenu.java:55) - [0]. Выйти из программы
[2023-11-13] [15:28:02] [main] INFO car.SparePart.showSpareParts(SparePart.java:48) - [32mМарка авто: [33mBMW X6, [0m[32mГод выпуска авто: [33m2023, [0m[32mПробег: [33m1000, [0m[32mЗапчасти: [33m[[0m
Тип запчасти: [33mМоторное масло,[0m[0m Марка запчасти: [33mMobil 1,[0m[0m Наличие в магазине: [33mда[0m[0m Стоимость: [33m6487.31689453125000000000000000[0m[0m Срок поставки: [33m0[0m, [0m
Тип запчасти: [33mКомплект шин,[0m[0m Марка запчасти: [33mБелшина,[0m[0m Наличие в магазине: [33mнет[0m[0m Стоимость: [33m200.00[0m[0m Срок поставки: [33m1[0m, [0m
Тип запчасти: [33mКомплект тормозов,[0m[0m Марка запчасти: [33mШустрые тормоза,[0m[0m Наличие в магазине: [33mда[0m[0m Стоимость: [33m100.00[0m[0m Срок поставки: [33m0[0m], [0m

[2023-11-13] [15:28:02] [main] INFO car.SparePart.showSpareParts(SparePart.java:48) - [32mМарка авто: [33mToyota Land Cruiser, [0m[32mГод выпуска авто: [33m2020, [0m[32mПробег: [33m20000, [0m[32mЗапчасти: [33m[[0m
Тип запчасти: [33mМоторное масло,[0m[0m Марка запчасти: [33mMobil 1,[0m[0m Наличие в магазине: [33mда[0m[0m Стоимость: [33m6487.31689453125000000000000000[0m[0m Срок поставки: [33m0[0m, [0m
Тип запчасти: [33mКомплект шин,[0m[0m Марка запчасти: [33mБелшина,[0m[0m Наличие в магазине: [33mнет[0m[0m Стоимость: [33m200.00[0m[0m Срок поставки: [33m1[0m], [0m

[2023-11-13] [15:28:02] [main] INFO car.SparePart.showSpareParts(SparePart.java:48) - [32mМарка авто: [33mMercedes Benz, [0m[32mГод выпуска авто: [33m2015, [0m[32mПробег: [33m500000, [0m[32mЗапчасти: [33m[[0m
Тип запчасти: [33mМоторное масло,[0m[0m Марка запчасти: [33mMobil 1,[0m[0m Наличие в магазине: [33mда[0m[0m Стоимость: [33m6487.31689453125000000000000000[0m[0m Срок поставки: [33m0[0m], [0m

[2023-11-13] [15:28:02] [main] INFO car.SparePart.showSpareParts(SparePart.java:48) - [32mМарка авто: [33mBMW X6, [0m[32mГод выпуска авто: [33m2023, [0m[32mПробег: [33m1000, [0m[32mЗапчасти: [33m[[0m
Тип запчасти: [33mМоторное масло,[0m[0m Марка запчасти: [33mMobil 1,[0m[0m Наличие в магазине: [33mда[0m[0m Стоимость: [33m6487.31689453125000000000000000[0m[0m Срок поставки: [33m0[0m, [0m
Тип запчасти: [33mКомплект шин,[0m[0m Марка запчасти: [33mБелшина,[0m[0m Наличие в магазине: [33mнет[0m[0m Стоимость: [33m200.00[0m[0m Срок поставки: [33m1[0m, [0m
Тип запчасти: [33mКомплект тормозов,[0m[0m Марка запчасти: [33mШустрые тормоза,[0m[0m Наличие в магазине: [33mда[0m[0m Стоимость: [33m100.00[0m[0m Срок поставки: [33m0[0m], [0m

[2023-11-13] [15:28:02] [main] INFO car.SparePart.showSpareParts(SparePart.java:48) - [32mМарка авто: [33mToyota Land Cruiser, [0m[32mГод выпуска авто: [33m2020, [0m[32mПробег: [33m20000, [0m[32mЗапчасти: [33m[[0m
Тип запчасти: [33mМоторное масло,[0m[0m Марка запчасти: [33mMobil 1,[0m[0m Наличие в магазине: [33mда[0m[0m Стоимость: [33m6487.31689453125000000000000000[0m[0m Срок поставки: [33m0[0m, [0m
Тип запчасти: [33mКомплект шин,[0m[0m Марка запчасти: [33mБелшина,[0m[0m Наличие в магазине: [33mнет[0m[0m Стоимость: [33m200.00[0m[0m Срок поставки: [33m1[0m], [0m

[2023-11-13] [15:28:02] [main] INFO car.SparePart.showSpareParts(SparePart.java:48) - [32mМарка авто: [33mMercedes Benz, [0m[32mГод выпуска авто: [33m2015, [0m[32mПробег: [33m500000, [0m[32mЗапчасти: [33m[[0m
Тип запчасти: [33mМоторное масло,[0m[0m Марка запчасти: [33mMobil 1,[0m[0m Наличие в магазине: [33mда[0m[0m Стоимость: [33m6487.31689453125000000000000000[0m[0m Срок поставки: [33m0[0m], [0m

[2023-11-13] [15:28:02] [main] INFO car.SparePart.showSpareParts(SparePart.java:48) - [32mМарка авто: [33mBMW X6, [0m[32mГод выпуска авто: [33m2023, [0m[32mПробег: [33m1000, [0m[32mЗапчасти: [33m[[0m
Тип запчасти: [33mМоторное масло,[0m[0m Марка запчасти: [33mMobil 1,[0m[0m Наличие в магазине: [33mда[0m[0m Стоимость: [33m6487.31689453125000000000000000[0m[0m Срок поставки: [33m0[0m, [0m
Тип запчасти: [33mКомплект шин,[0m[0m Марка запчасти: [33mБелшина,[0m[0m Наличие в магазине: [33mнет[0m[0m Стоимость: [33m200.00[0m[0m Срок поставки: [33m1[0m, [0m
Тип запчасти: [33mКомплект тормозов,[0m[0m Марка запчасти: [33mШустрые тормоза,[0m[0m Наличие в магазине: [33mда[0m[0m Стоимость: [33m100.00[0m[0m Срок поставки: [33m0[0m], [0m

[2023-11-13] [15:28:02] [main] INFO car.SparePart.showSpareParts(SparePart.java:48) - [32mМарка авто: [33mToyota Land Cruiser, [0m[32mГод выпуска авто: [33m2020, [0m[32mПробег: [33m20000, [0m[32mЗапчасти: [33m[[0m
Тип запчасти: [33mМоторное масло,[0m[0m Марка запчасти: [33mMobil 1,[0m[0m Наличие в магазине: [33mда[0m[0m Стоимость: [33m6487.31689453125000000000000000[0m[0m Срок поставки: [33m0[0m, [0m
Тип запчасти: [33mКомплект шин,[0m[0m Марка запчасти: [33mБелшина,[0m[0m Наличие в магазине: [33mнет[0m[0m Стоимость: [33m200.00[0m[0m Срок поставки: [33m1[0m], [0m

[2023-11-13] [15:28:02] [main] INFO car.SparePart.showSpareParts(SparePart.java:48) - [32mМарка авто: [33mMercedes Benz, [0m[32mГод выпуска авто: [33m2015, [0m[32mПробег: [33m500000, [0m[32mЗапчасти: [33m[[0m
Тип запчасти: [33mМоторное масло,[0m[0m Марка запчасти: [33mMobil 1,[0m[0m Наличие в магазине: [33mда[0m[0m Стоимость: [33m6487.31689453125000000000000000[0m[0m Срок поставки: [33m0[0m], [0m

[2023-11-13] [15:28:02] [main] INFO car.SparePart.showSpareParts(SparePart.java:48) - [32mМарка авто: [33mBMW X6, [0m[32mГод выпуска авто: [33m2023, [0m[32mПробег: [33m1000, [0m[32mЗапчасти: [33m[[0m
Тип запчасти: [33mМоторное масло,[0m[0m Марка запчасти: [33mMobil 1,[0m[0m Наличие в магазине: [33mда[0m[0m Стоимость: [33m6487.31689453125000000000000000[0m[0m Срок поставки: [33m0[0m, [0m
Тип запчасти: [33mКомплект шин,[0m[0m Марка запчасти: [33mБелшина,[0m[0m Наличие в магазине: [33mнет[0m[0m Стоимость: [33m200.00[0m[0m Срок поставки: [33m1[0m, [0m
Тип запчасти: [33mКомплект тормозов,[0m[0m Марка запчасти: [33mШустрые тормоза,[0m[0m Наличие в магазине: [33mда[0m[0m Стоимость: [33m100.00[0m[0m Срок поставки: [33m0[0m], [0m

[2023-11-13] [15:28:02] [main] INFO car.SparePart.showSpareParts(SparePart.java:48) - [32mМарка авто: [33mToyota Land Cruiser, [0m[32mГод выпуска авто: [33m2020, [0m[32mПробег: [33m20000, [0m[32mЗапчасти: [33m[[0m
Тип запчасти: [33mМоторное масло,[0m[0m Марка запчасти: [33mMobil 1,[0m[0m Наличие в магазине: [33mда[0m[0m Стоимость: [33m6487.31689453125000000000000000[0m[0m Срок поставки: [33m0[0m, [0m
Тип запчасти: [33mКомплект шин,[0m[0m Марка запчасти: [33mБелшина,[0m[0m Наличие в магазине: [33mнет[0m[0m Стоимость: [33m200.00[0m[0m Срок поставки: [33m1[0m], [0m

[2023-11-13] [15:28:02] [main] INFO car.SparePart.showSpareParts(SparePart.java:48) - [32mМарка авто: [33mMercedes Benz, [0m[32mГод выпуска авто: [33m2015, [0m[32mПробег: [33m500000, [0m[32mЗапчасти: [33m[[0m
Тип запчасти: [33mМоторное масло,[0m[0m Марка запчасти: [33mMobil 1,[0m[0m Наличие в магазине: [33mда[0m[0m Стоимость: [33m6487.31689453125000000000000000[0m[0m Срок поставки: [33m0[0m], [0m

[2023-11-13] [15:28:02] [main] INFO helpers.menus.AppMainMenu.mainMenu(AppMainMenu.java:46) - [32mПожалуйста, выберите одну из предложенных операций: [0m
[2023-11-13] [15:28:02] [main] INFO helpers.menus.AppMainMenu.mainMenu(AppMainMenu.java:50) - [1]. Показать список услуг автосервиса
[2023-11-13] [15:28:02] [main] INFO helpers.menus.AppMainMenu.mainMenu(AppMainMenu.java:51) - [2]. Показать список клиентов автосервиса
[2023-11-13] [15:28:02] [main] INFO helpers.menus.AppMainMenu.mainMenu(AppMainMenu.java:52) - [3]. Показать список машин обслуживающихся в автосервисе
[2023-11-13] [15:28:02] [main] INFO helpers.menus.AppMainMenu.mainMenu(AppMainMenu.java:53) - [4]. Магазин автозапчастей
[2023-11-13] [15:28:02] [main] INFO helpers.menus.AppMainMenu.mainMenu(AppMainMenu.java:54) - [5]. Показать список автомехаников
[2023-11-13] [15:28:02] [main] INFO helpers.menus.AppMainMenu.mainMenu(AppMainMenu.java:55) - [0]. Выйти из программы
[2023-11-13] [15:28:03] [main] INFO car.SparePart.showSpareParts(SparePart.java:48) - [32mМарка авто: [33mBMW X6, [0m[32mГод выпуска авто: [33m2023, [0m[32mПробег: [33m1000, [0m[32mЗапчасти: [33m[[0m
Тип запчасти: [33mМоторное масло,[0m[0m Марка запчасти: [33mMobil 1,[0m[0m Наличие в магазине: [33mда[0m[0m Стоимость: [33m841705.60980141162872314453125000000000000000000000000000[0m[0m Срок поставки: [33m0[0m, [0m
Тип запчасти: [33mКомплект шин,[0m[0m Марка запчасти: [33mБелшина,[0m[0m Наличие в магазине: [33mнет[0m[0m Стоимость: [33m200.00[0m[0m Срок поставки: [33m1[0m, [0m
Тип запчасти: [33mКомплект тормозов,[0m[0m Марка запчасти: [33mШустрые тормоза,[0m[0m Наличие в магазине: [33mда[0m[0m Стоимость: [33m100.00[0m[0m Срок поставки: [33m0[0m], [0m

[2023-11-13] [15:28:03] [main] INFO car.SparePart.showSpareParts(SparePart.java:48) - [32mМарка авто: [33mToyota Land Cruiser, [0m[32mГод выпуска авто: [33m2020, [0m[32mПробег: [33m20000, [0m[32mЗапчасти: [33m[[0m
Тип запчасти: [33mМоторное масло,[0m[0m Марка запчасти: [33mMobil 1,[0m[0m Наличие в магазине: [33mда[0m[0m Стоимость: [33m841705.60980141162872314453125000000000000000000000000000[0m[0m Срок поставки: [33m0[0m, [0m
Тип запчасти: [33mКомплект шин,[0m[0m Марка запчасти: [33mБелшина,[0m[0m Наличие в магазине: [33mнет[0m[0m Стоимость: [33m200.00[0m[0m Срок поставки: [33m1[0m], [0m

[2023-11-13] [15:28:03] [main] INFO car.SparePart.showSpareParts(SparePart.java:48) - [32mМарка авто: [33mMercedes Benz, [0m[32mГод выпуска авто: [33m2015, [0m[32mПробег: [33m500000, [0m[32mЗапчасти: [33m[[0m
Тип запчасти: [33mМоторное масло,[0m[0m Марка запчасти: [33mMobil 1,[0m[0m Наличие в магазине: [33mда[0m[0m Стоимость: [33m841705.60980141162872314453125000000000000000000000000000[0m[0m Срок поставки: [33m0[0m], [0m

[2023-11-13] [15:28:03] [main] INFO car.SparePart.showSpareParts(SparePart.java:48) - [32mМарка авто: [33mBMW X6, [0m[32mГод выпуска авто: [33m2023, [0m[32mПробег: [33m1000, [0m[32mЗапчасти: [33m[[0m
Тип запчасти: [33mМоторное масло,[0m[0m Марка запчасти: [33mMobil 1,[0m[0m Наличие в магазине: [33mда[0m[0m Стоимость: [33m841705.60980141162872314453125000000000000000000000000000[0m[0m Срок поставки: [33m0[0m, [0m
Тип запчасти: [33mКомплект шин,[0m[0m Марка запчасти: [33mБелшина,[0m[0m Наличие в магазине: [33mнет[0m[0m Стоимость: [33m200.00[0m[0m Срок поставки: [33m1[0m, [0m
Тип запчасти: [33mКомплект тормозов,[0m[0m Марка запчасти: [33mШустрые тормоза,[0m[0m Наличие в магазине: [33mда[0m[0m Стоимость: [33m100.00[0m[0m Срок поставки: [33m0[0m], [0m

[2023-11-13] [15:28:03] [main] INFO car.SparePart.showSpareParts(SparePart.java:48) - [32mМарка авто: [33mToyota Land Cruiser, [0m[32mГод выпуска авто: [33m2020, [0m[32mПробег: [33m20000, [0m[32mЗапчасти: [33m[[0m
Тип запчасти: [33mМоторное масло,[0m[0m Марка запчасти: [33mMobil 1,[0m[0m Наличие в магазине: [33mда[0m[0m Стоимость: [33m841705.60980141162872314453125000000000000000000000000000[0m[0m Срок поставки: [33m0[0m, [0m
Тип запчасти: [33mКомплект шин,[0m[0m Марка запчасти: [33mБелшина,[0m[0m Наличие в магазине: [33mнет[0m[0m Стоимость: [33m200.00[0m[0m Срок поставки: [33m1[0m], [0m

[2023-11-13] [15:28:03] [main] INFO car.SparePart.showSpareParts(SparePart.java:48) - [32mМарка авто: [33mMercedes Benz, [0m[32mГод выпуска авто: [33m2015, [0m[32mПробег: [33m500000, [0m[32mЗапчасти: [33m[[0m
Тип запчасти: [33mМоторное масло,[0m[0m Марка запчасти: [33mMobil 1,[0m[0m Наличие в магазине: [33mда[0m[0m Стоимость: [33m841705.60980141162872314453125000000000000000000000000000[0m[0m Срок поставки: [33m0[0m], [0m

[2023-11-13] [15:28:03] [main] INFO car.SparePart.showSpareParts(SparePart.java:48) - [32mМарка авто: [33mBMW X6, [0m[32mГод выпуска авто: [33m2023, [0m[32mПробег: [33m1000, [0m[32mЗапчасти: [33m[[0m
Тип запчасти: [33mМоторное масло,[0m[0m Марка запчасти: [33mMobil 1,[0m[0m Наличие в магазине: [33mда[0m[0m Стоимость: [33m841705.60980141162872314453125000000000000000000000000000[0m[0m Срок поставки: [33m0[0m, [0m
Тип запчасти: [33mКомплект шин,[0m[0m Марка запчасти: [33mБелшина,[0m[0m Наличие в магазине: [33mнет[0m[0m Стоимость: [33m200.00[0m[0m Срок поставки: [33m1[0m, [0m
Тип запчасти: [33mКомплект тормозов,[0m[0m Марка запчасти: [33mШустрые тормоза,[0m[0m Наличие в магазине: [33mда[0m[0m Стоимость: [33m100.00[0m[0m Срок поставки: [33m0[0m], [0m

[2023-11-13] [15:28:03] [main] INFO car.SparePart.showSpareParts(SparePart.java:48) - [32mМарка авто: [33mToyota Land Cruiser, [0m[32mГод выпуска авто: [33m2020, [0m[32mПробег: [33m20000, [0m[32mЗапчасти: [33m[[0m
Тип запчасти: [33mМоторное масло,[0m[0m Марка запчасти: [33mMobil 1,[0m[0m Наличие в магазине: [33mда[0m[0m Стоимость: [33m841705.60980141162872314453125000000000000000000000000000[0m[0m Срок поставки: [33m0[0m, [0m
Тип запчасти: [33mКомплект шин,[0m[0m Марка запчасти: [33mБелшина,[0m[0m Наличие в магазине: [33mнет[0m[0m Стоимость: [33m200.00[0m[0m Срок поставки: [33m1[0m], [0m

[2023-11-13] [15:28:03] [main] INFO car.SparePart.showSpareParts(SparePart.java:48) - [32mМарка авто: [33mMercedes Benz, [0m[32mГод выпуска авто: [33m2015, [0m[32mПробег: [33m500000, [0m[32mЗапчасти: [33m[[0m
Тип запчасти: [33mМоторное масло,[0m[0m Марка запчасти: [33mMobil 1,[0m[0m Наличие в магазине: [33mда[0m[0m Стоимость: [33m841705.60980141162872314453125000000000000000000000000000[0m[0m Срок поставки: [33m0[0m], [0m

[2023-11-13] [15:28:03] [main] INFO car.SparePart.showSpareParts(SparePart.java:48) - [32mМарка авто: [33mBMW X6, [0m[32mГод выпуска авто: [33m2023, [0m[32mПробег: [33m1000, [0m[32mЗапчасти: [33m[[0m
Тип запчасти: [33mМоторное масло,[0m[0m Марка запчасти: [33mMobil 1,[0m[0m Наличие в магазине: [33mда[0m[0m Стоимость: [33m841705.60980141162872314453125000000000000000000000000000[0m[0m Срок поставки: [33m0[0m, [0m
Тип запчасти: [33mКомплект шин,[0m[0m Марка запчасти: [33mБелшина,[0m[0m Наличие в магазине: [33mнет[0m[0m Стоимость: [33m200.00[0m[0m Срок поставки: [33m1[0m, [0m
Тип запчасти: [33mКомплект тормозов,[0m[0m Марка запчасти: [33mШустрые тормоза,[0m[0m Наличие в магазине: [33mда[0m[0m Стоимость: [33m100.00[0m[0m Срок поставки: [33m0[0m], [0m

[2023-11-13] [15:28:03] [main] INFO car.SparePart.showSpareParts(SparePart.java:48) - [32mМарка авто: [33mToyota Land Cruiser, [0m[32mГод выпуска авто: [33m2020, [0m[32mПробег: [33m20000, [0m[32mЗапчасти: [33m[[0m
Тип запчасти: [33mМоторное масло,[0m[0m Марка запчасти: [33mMobil 1,[0m[0m Наличие в магазине: [33mда[0m[0m Стоимость: [33m841705.60980141162872314453125000000000000000000000000000[0m[0m Срок поставки: [33m0[0m, [0m
Тип запчасти: [33mКомплект шин,[0m[0m Марка запчасти: [33mБелшина,[0m[0m Наличие в магазине: [33mнет[0m[0m Стоимость: [33m200.00[0m[0m Срок поставки: [33m1[0m], [0m

[2023-11-13] [15:28:03] [main] INFO car.SparePart.showSpareParts(SparePart.java:48) - [32mМарка авто: [33mMercedes Benz, [0m[32mГод выпуска авто: [33m2015, [0m[32mПробег: [33m500000, [0m[32mЗапчасти: [33m[[0m
Тип запчасти: [33mМоторное масло,[0m[0m Марка запчасти: [33mMobil 1,[0m[0m Наличие в магазине: [33mда[0m[0m Стоимость: [33m841705.60980141162872314453125000000000000000000000000000[0m[0m Срок поставки: [33m0[0m], [0m

[2023-11-13] [15:28:03] [main] INFO car.SparePart.showSpareParts(SparePart.java:48) - [32mМарка авто: [33mBMW X6, [0m[32mГод выпуска авто: [33m2023, [0m[32mПробег: [33m1000, [0m[32mЗапчасти: [33m[[0m
Тип запчасти: [33mМоторное масло,[0m[0m Марка запчасти: [33mMobil 1,[0m[0m Наличие в магазине: [33mда[0m[0m Стоимость: [33m841705.60980141162872314453125000000000000000000000000000[0m[0m Срок поставки: [33m0[0m, [0m
Тип запчасти: [33mКомплект шин,[0m[0m Марка запчасти: [33mБелшина,[0m[0m Наличие в магазине: [33mнет[0m[0m Стоимость: [33m200.00[0m[0m Срок поставки: [33m1[0m, [0m
Тип запчасти: [33mКомплект тормозов,[0m[0m Марка запчасти: [33mШустрые тормоза,[0m[0m Наличие в магазине: [33mда[0m[0m Стоимость: [33m100.00[0m[0m Срок поставки: [33m0[0m], [0m

[2023-11-13] [15:28:03] [main] INFO car.SparePart.showSpareParts(SparePart.java:48) - [32mМарка авто: [33mToyota Land Cruiser, [0m[32mГод выпуска авто: [33m2020, [0m[32mПробег: [33m20000, [0m[32mЗапчасти: [33m[[0m
Тип запчасти: [33mМоторное масло,[0m[0m Марка запчасти: [33mMobil 1,[0m[0m Наличие в магазине: [33mда[0m[0m Стоимость: [33m841705.60980141162872314453125000000000000000000000000000[0m[0m Срок поставки: [33m0[0m, [0m
Тип запчасти: [33mКомплект шин,[0m[0m Марка запчасти: [33mБелшина,[0m[0m Наличие в магазине: [33mнет[0m[0m Стоимость: [33m200.00[0m[0m Срок поставки: [33m1[0m], [0m

[2023-11-13] [15:28:03] [main] INFO car.SparePart.showSpareParts(SparePart.java:48) - [32mМарка авто: [33mMercedes Benz, [0m[32mГод выпуска авто: [33m2015, [0m[32mПробег: [33m500000, [0m[32mЗапчасти: [33m[[0m
Тип запчасти: [33mМоторное масло,[0m[0m Марка запчасти: [33mMobil 1,[0m[0m Наличие в магазине: [33mда[0m[0m Стоимость: [33m841705.60980141162872314453125000000000000000000000000000[0m[0m Срок поставки: [33m0[0m], [0m

[2023-11-13] [15:28:03] [main] INFO car.SparePart.showSpareParts(SparePart.java:48) - [32mМарка авто: [33mBMW X6, [0m[32mГод выпуска авто: [33m2023, [0m[32mПробег: [33m1000, [0m[32mЗапчасти: [33m[[0m
Тип запчасти: [33mМоторное масло,[0m[0m Марка запчасти: [33mMobil 1,[0m[0m Наличие в магазине: [33mда[0m[0m Стоимость: [33m841705.60980141162872314453125000000000000000000000000000[0m[0m Срок поставки: [33m0[0m, [0m
Тип запчасти: [33mКомплект шин,[0m[0m Марка запчасти: [33mБелшина,[0m[0m Наличие в магазине: [33mнет[0m[0m Стоимость: [33m200.00[0m[0m Срок поставки: [33m1[0m, [0m
Тип запчасти: [33mКомплект тормозов,[0m[0m Марка запчасти: [33mШустрые тормоза,[0m[0m Наличие в магазине: [33mда[0m[0m Стоимость: [33m100.00[0m[0m Срок поставки: [33m0[0m], [0m

[2023-11-13] [15:28:03] [main] INFO car.SparePart.showSpareParts(SparePart.java:48) - [32mМарка авто: [33mToyota Land Cruiser, [0m[32mГод выпуска авто: [33m2020, [0m[32mПробег: [33m20000, [0m[32mЗапчасти: [33m[[0m
Тип запчасти: [33mМоторное масло,[0m[0m Марка запчасти: [33mMobil 1,[0m[0m Наличие в магазине: [33mда[0m[0m Стоимость: [33m841705.60980141162872314453125000000000000000000000000000[0m[0m Срок поставки: [33m0[0m, [0m
Тип запчасти: [33mКомплект шин,[0m[0m Марка запчасти: [33mБелшина,[0m[0m Наличие в магазине: [33mнет[0m[0m Стоимость: [33m200.00[0m[0m Срок поставки: [33m1[0m], [0m

[2023-11-13] [15:28:03] [main] INFO car.SparePart.showSpareParts(SparePart.java:48) - [32mМарка авто: [33mMercedes Benz, [0m[32mГод выпуска авто: [33m2015, [0m[32mПробег: [33m500000, [0m[32mЗапчасти: [33m[[0m
Тип запчасти: [33mМоторное масло,[0m[0m Марка запчасти: [33mMobil 1,[0m[0m Наличие в магазине: [33mда[0m[0m Стоимость: [33m841705.60980141162872314453125000000000000000000000000000[0m[0m Срок поставки: [33m0[0m], [0m

[2023-11-13] [15:28:03] [main] INFO helpers.menus.AppMainMenu.mainMenu(AppMainMenu.java:46) - [32mПожалуйста, выберите одну из предложенных операций: [0m
[2023-11-13] [15:28:03] [main] INFO helpers.menus.AppMainMenu.mainMenu(AppMainMenu.java:50) - [1]. Показать список услуг автосервиса
[2023-11-13] [15:28:03] [main] INFO helpers.menus.AppMainMenu.mainMenu(AppMainMenu.java:51) - [2]. Показать список клиентов автосервиса
[2023-11-13] [15:28:03] [main] INFO helpers.menus.AppMainMenu.mainMenu(AppMainMenu.java:52) - [3]. Показать список машин обслуживающихся в автосервисе
[2023-11-13] [15:28:03] [main] INFO helpers.menus.AppMainMenu.mainMenu(AppMainMenu.java:53) - [4]. Магазин автозапчастей
[2023-11-13] [15:28:03] [main] INFO helpers.menus.AppMainMenu.mainMenu(AppMainMenu.java:54) - [5]. Показать список автомехаников
[2023-11-13] [15:28:03] [main] INFO helpers.menus.AppMainMenu.mainMenu(AppMainMenu.java:55) - [0]. Выйти из программы
[2023-11-13] [15:52:19] [main] INFO helpers.menus.AppMainMenu.<clinit>(AppMainMenu.java:32) - [32mДобро пожаловать в автосервис '4 колеса'![0m
[2023-11-13] [15:52:19] [main] INFO helpers.menus.AppMainMenu.mainMenu(AppMainMenu.java:46) - [32mПожалуйста, выберите одну из предложенных операций: [0m
[2023-11-13] [15:52:19] [main] INFO helpers.menus.AppMainMenu.mainMenu(AppMainMenu.java:50) - [1]. Показать список услуг автосервиса
[2023-11-13] [15:52:19] [main] INFO helpers.menus.AppMainMenu.mainMenu(AppMainMenu.java:51) - [2]. Показать список клиентов автосервиса
[2023-11-13] [15:52:19] [main] INFO helpers.menus.AppMainMenu.mainMenu(AppMainMenu.java:52) - [3]. Показать список машин обслуживающихся в автосервисе
[2023-11-13] [15:52:19] [main] INFO helpers.menus.AppMainMenu.mainMenu(AppMainMenu.java:53) - [4]. Магазин автозапчастей
[2023-11-13] [15:52:19] [main] INFO helpers.menus.AppMainMenu.mainMenu(AppMainMenu.java:54) - [5]. Показать список автомехаников
[2023-11-13] [15:52:19] [main] INFO helpers.menus.AppMainMenu.mainMenu(AppMainMenu.java:55) - [0]. Выйти из программы
[2023-11-13] [15:52:26] [main] INFO helpers.menus.AutoServMenu.autoServMenu(AutoServMenu.java:33) - [32mУслуги доступные у нас в автосервисе:[0m
[2023-11-13] [15:52:26] [main] INFO helpers.menus.AutoServMenu.autoServMenu(AutoServMenu.java:37) - [1]. Диагностика автомобиля
[2023-11-13] [15:52:26] [main] INFO helpers.menus.AutoServMenu.autoServMenu(AutoServMenu.java:38) - [2]. Рассчитать время ремонта автомобиля
[2023-11-13] [15:52:26] [main] INFO helpers.menus.AutoServMenu.autoServMenu(AutoServMenu.java:39) - [3]. Рассчитать стоимость ремонта автомобиля
[2023-11-13] [15:52:26] [main] INFO helpers.menus.AutoServMenu.autoServMenu(AutoServMenu.java:40) - [0]. Выход
[2023-11-13] [15:52:29] [main] INFO helpers.calcs.RepCostCalc.calcRepCost(RepCostCalc.java:31) - [32mВыберите автомобиль[0m
[2023-11-13] [15:52:29] [main] INFO helpers.calcs.RepCostCalc.calcRepCost(RepCostCalc.java:32) - [1]. BMW X6
[2023-11-13] [15:52:29] [main] INFO helpers.calcs.RepCostCalc.calcRepCost(RepCostCalc.java:33) - [2]. Toyota Land Cruiser
[2023-11-13] [15:52:29] [main] INFO helpers.calcs.RepCostCalc.calcRepCost(RepCostCalc.java:34) - [3]. Mercedes Benz
[2023-11-13] [15:52:29] [main] INFO helpers.calcs.RepCostCalc.calcRepCost(RepCostCalc.java:35) - [0]. Выход
[2023-11-13] [15:52:30] [main] INFO helpers.calcs.RepCostCalc.calcRepCost(RepCostCalc.java:68) - [32mОбщая стоимость ремонта BMW X6: [33m245.00$
[0m
[2023-11-13] [15:52:30] [main] INFO helpers.menus.AutoServMenu.autoServMenu(AutoServMenu.java:33) - [32mУслуги доступные у нас в автосервисе:[0m
[2023-11-13] [15:52:30] [main] INFO helpers.menus.AutoServMenu.autoServMenu(AutoServMenu.java:37) - [1]. Диагностика автомобиля
[2023-11-13] [15:52:30] [main] INFO helpers.menus.AutoServMenu.autoServMenu(AutoServMenu.java:38) - [2]. Рассчитать время ремонта автомобиля
[2023-11-13] [15:52:30] [main] INFO helpers.menus.AutoServMenu.autoServMenu(AutoServMenu.java:39) - [3]. Рассчитать стоимость ремонта автомобиля
[2023-11-13] [15:52:30] [main] INFO helpers.menus.AutoServMenu.autoServMenu(AutoServMenu.java:40) - [0]. Выход
[2023-11-13] [15:52:33] [main] INFO helpers.calcs.RepCostCalc.calcRepCost(RepCostCalc.java:31) - [32mВыберите автомобиль[0m
[2023-11-13] [15:52:33] [main] INFO helpers.calcs.RepCostCalc.calcRepCost(RepCostCalc.java:32) - [1]. BMW X6
[2023-11-13] [15:52:33] [main] INFO helpers.calcs.RepCostCalc.calcRepCost(RepCostCalc.java:33) - [2]. Toyota Land Cruiser
[2023-11-13] [15:52:33] [main] INFO helpers.calcs.RepCostCalc.calcRepCost(RepCostCalc.java:34) - [3]. Mercedes Benz
[2023-11-13] [15:52:33] [main] INFO helpers.calcs.RepCostCalc.calcRepCost(RepCostCalc.java:35) - [0]. Выход
[2023-11-13] [15:52:34] [main] INFO helpers.calcs.RepCostCalc.calcRepCost(RepCostCalc.java:68) - [32mОбщая стоимость ремонта BMW X6: [33m387.50$
[0m
[2023-11-13] [15:52:34] [main] INFO helpers.menus.AutoServMenu.autoServMenu(AutoServMenu.java:33) - [32mУслуги доступные у нас в автосервисе:[0m
[2023-11-13] [15:52:34] [main] INFO helpers.menus.AutoServMenu.autoServMenu(AutoServMenu.java:37) - [1]. Диагностика автомобиля
[2023-11-13] [15:52:34] [main] INFO helpers.menus.AutoServMenu.autoServMenu(AutoServMenu.java:38) - [2]. Рассчитать время ремонта автомобиля
[2023-11-13] [15:52:34] [main] INFO helpers.menus.AutoServMenu.autoServMenu(AutoServMenu.java:39) - [3]. Рассчитать стоимость ремонта автомобиля
[2023-11-13] [15:52:34] [main] INFO helpers.menus.AutoServMenu.autoServMenu(AutoServMenu.java:40) - [0]. Выход
[2023-11-13] [15:57:23] [main] INFO helpers.menus.AppMainMenu.mainMenu(AppMainMenu.java:46) - [32mПожалуйста, выберите одну из предложенных операций: [0m
[2023-11-13] [15:57:23] [main] INFO helpers.menus.AppMainMenu.mainMenu(AppMainMenu.java:50) - [1]. Показать список услуг автосервиса
[2023-11-13] [15:57:23] [main] INFO helpers.menus.AppMainMenu.mainMenu(AppMainMenu.java:51) - [2]. Показать список клиентов автосервиса
[2023-11-13] [15:57:23] [main] INFO helpers.menus.AppMainMenu.mainMenu(AppMainMenu.java:52) - [3]. Показать список машин обслуживающихся в автосервисе
[2023-11-13] [15:57:23] [main] INFO helpers.menus.AppMainMenu.mainMenu(AppMainMenu.java:53) - [4]. Магазин автозапчастей
[2023-11-13] [15:57:23] [main] INFO helpers.menus.AppMainMenu.mainMenu(AppMainMenu.java:54) - [5]. Показать список автомехаников
[2023-11-13] [15:57:23] [main] INFO helpers.menus.AppMainMenu.mainMenu(AppMainMenu.java:55) - [0]. Выйти из программы
[2023-11-13] [15:57:35] [main] INFO persons.Customer.showCustomers(Customer.java:58) - [32mИмя и фамилия клиента: [33mАлексей Привольнов[0m
[2023-11-13] [15:57:35] [main] INFO persons.Customer.showCustomers(Customer.java:63) - [32mРоль: [33mКлиент[0m
[2023-11-13] [15:57:35] [main] INFO persons.Customer.showCustomers(Customer.java:68) - [32mТелефон: [33m+735253458756[0m
[2023-11-13] [15:57:35] [main] INFO persons.Customer.showCustomers(Customer.java:72) - [32mДата поступления авто в обслуживание: [33m10 Августа 2023[0m
[2023-11-13] [15:57:35] [main] INFO persons.Customer.showCustomers(Customer.java:77) - [32mМарка авто: [33mBMW X6[0m
[2023-11-13] [15:57:35] [main] INFO persons.Customer.showCustomers(Customer.java:82) - [32mУслуга: [33mЗамена моторного масла[0m
[2023-11-13] [15:57:35] [main] INFO persons.Customer.showCustomers(Customer.java:88) - [32mДата оказания услуги: [33m5 Сентября 2023[0m
[2023-11-13] [15:57:35] [main] INFO persons.Customer.showCustomers(Customer.java:97) - [32mСтоимость услуги: [33m50.00$[0m
[2023-11-13] [15:57:35] [main] INFO persons.Customer.showCustomers(Customer.java:100) - [32mЗапчасть: [33mМоторное масло[32m в наличии на складе[0m
[2023-11-13] [15:57:35] [main] INFO persons.Customer.showCustomers(Customer.java:118) - [32mСчёт на сумму: [33m150.00$[32m оплачен[0m
[2023-11-13] [15:57:35] [main] INFO persons.Customer.showCustomers(Customer.java:120) - [32mМеханик выполнивший работу: [33mВладлен Поддубицкий[32m | Квалификация: [33mмастер[32m | Доступность специалиста: [33mзанят
[0m
[2023-11-13] [15:57:35] [main] INFO persons.Customer.showCustomers(Customer.java:58) - [32mИмя и фамилия клиента: [33mСергей Власов[0m
[2023-11-13] [15:57:35] [main] INFO persons.Customer.showCustomers(Customer.java:63) - [32mРоль: [33mКлиент[0m
[2023-11-13] [15:57:35] [main] INFO persons.Customer.showCustomers(Customer.java:68) - [32mТелефон: [33m+735293879581[0m
[2023-11-13] [15:57:35] [main] INFO persons.Customer.showCustomers(Customer.java:72) - [32mДата поступления авто в обслуживание: [33m5 Сентября 2023[0m
[2023-11-13] [15:57:35] [main] INFO persons.Customer.showCustomers(Customer.java:77) - [32mМарка авто: [33mToyota Land Cruiser[0m
[2023-11-13] [15:57:35] [main] INFO persons.Customer.showCustomers(Customer.java:82) - [32mУслуга: [33mЗамена шин[0m
[2023-11-13] [15:57:35] [main] INFO persons.Customer.showCustomers(Customer.java:88) - [32mДата оказания услуги: [33m20 Сентября 2023[0m
[2023-11-13] [15:57:35] [main] INFO persons.Customer.showCustomers(Customer.java:97) - [32mСтоимость услуги: [33m100.00$[0m
[2023-11-13] [15:57:35] [main] INFO persons.Customer.showCustomers(Customer.java:107) - [32mЗапчасть: [33mКомплект шин[32m отсутствует на складе[0m
[2023-11-13] [15:57:35] [main] INFO persons.Customer.showCustomers(Customer.java:118) - [32mСчёт на сумму: [33m100.00$[32m оплачен[0m
[2023-11-13] [15:57:35] [main] INFO persons.Customer.showCustomers(Customer.java:120) - [32mМеханик выполнивший работу: [33mВячеслав Маршал[32m | Квалификация: [33mспециалист[32m | Доступность специалиста: [33mсвободен
[0m
[2023-11-13] [15:57:35] [main] INFO persons.Customer.showCustomers(Customer.java:58) - [32mИмя и фамилия клиента: [33mВладимир Долгин[0m
[2023-11-13] [15:57:35] [main] INFO persons.Customer.showCustomers(Customer.java:63) - [32mРоль: [33mКлиент[0m
[2023-11-13] [15:57:35] [main] INFO persons.Customer.showCustomers(Customer.java:68) - [32mТелефон: [33m+735337847623[0m
[2023-11-13] [15:57:35] [main] INFO persons.Customer.showCustomers(Customer.java:72) - [32mДата поступления авто в обслуживание: [33m25 Сентября 2023[0m
[2023-11-13] [15:57:35] [main] INFO persons.Customer.showCustomers(Customer.java:77) - [32mМарка авто: [33mMercedes Benz[0m
[2023-11-13] [15:57:35] [main] INFO persons.Customer.showCustomers(Customer.java:82) - [32mУслуга: [33mЗамена тормозов[0m
[2023-11-13] [15:57:35] [main] INFO persons.Customer.showCustomers(Customer.java:88) - [32mДата оказания услуги: [33m5 Октября 2023[0m
[2023-11-13] [15:57:35] [main] INFO persons.Customer.showCustomers(Customer.java:97) - [32mСтоимость услуги: [33m25.00$[0m
[2023-11-13] [15:57:35] [main] INFO persons.Customer.showCustomers(Customer.java:100) - [32mЗапчасть: [33mКомплект тормозов[32m в наличии на складе[0m
[2023-11-13] [15:57:35] [main] INFO persons.Customer.showCustomers(Customer.java:118) - [32mСчёт на сумму: [33m50.00$[32m оплачен[0m
[2023-11-13] [15:57:35] [main] INFO persons.Customer.showCustomers(Customer.java:120) - [32mМеханик выполнивший работу: [33mЕвгений Белый[32m | Квалификация: [33mстажёр[32m | Доступность специалиста: [33mсвободен
[0m
[2023-11-13] [15:57:35] [main] INFO helpers.menus.AppMainMenu.mainMenu(AppMainMenu.java:46) - [32mПожалуйста, выберите одну из предложенных операций: [0m
[2023-11-13] [15:57:35] [main] INFO helpers.menus.AppMainMenu.mainMenu(AppMainMenu.java:50) - [1]. Показать список услуг автосервиса
[2023-11-13] [15:57:35] [main] INFO helpers.menus.AppMainMenu.mainMenu(AppMainMenu.java:51) - [2]. Показать список клиентов автосервиса
[2023-11-13] [15:57:35] [main] INFO helpers.menus.AppMainMenu.mainMenu(AppMainMenu.java:52) - [3]. Показать список машин обслуживающихся в автосервисе
[2023-11-13] [15:57:35] [main] INFO helpers.menus.AppMainMenu.mainMenu(AppMainMenu.java:53) - [4]. Магазин автозапчастей
[2023-11-13] [15:57:35] [main] INFO helpers.menus.AppMainMenu.mainMenu(AppMainMenu.java:54) - [5]. Показать список автомехаников
[2023-11-13] [15:57:35] [main] INFO helpers.menus.AppMainMenu.mainMenu(AppMainMenu.java:55) - [0]. Выйти из программы
[2023-11-13] [16:06:05] [main] INFO helpers.menus.AppMainMenu.<clinit>(AppMainMenu.java:32) - [32mДобро пожаловать в автосервис '4 колеса'![0m
[2023-11-13] [16:06:05] [main] INFO helpers.menus.AppMainMenu.mainMenu(AppMainMenu.java:46) - [32mПожалуйста, выберите одну из предложенных операций: [0m
[2023-11-13] [16:06:05] [main] INFO helpers.menus.AppMainMenu.mainMenu(AppMainMenu.java:50) - [1]. Показать список услуг автосервиса
[2023-11-13] [16:06:05] [main] INFO helpers.menus.AppMainMenu.mainMenu(AppMainMenu.java:51) - [2]. Показать список клиентов автосервиса
[2023-11-13] [16:06:05] [main] INFO helpers.menus.AppMainMenu.mainMenu(AppMainMenu.java:52) - [3]. Показать список машин обслуживающихся в автосервисе
[2023-11-13] [16:06:05] [main] INFO helpers.menus.AppMainMenu.mainMenu(AppMainMenu.java:53) - [4]. Магазин автозапчастей
[2023-11-13] [16:06:05] [main] INFO helpers.menus.AppMainMenu.mainMenu(AppMainMenu.java:54) - [5]. Показать список автомехаников
[2023-11-13] [16:06:05] [main] INFO helpers.menus.AppMainMenu.mainMenu(AppMainMenu.java:55) - [0]. Выйти из программы
[2023-11-13] [16:06:12] [main] INFO helpers.menus.AutoServMenu.autoServMenu(AutoServMenu.java:33) - [32mУслуги доступные у нас в автосервисе:[0m
[2023-11-13] [16:06:12] [main] INFO helpers.menus.AutoServMenu.autoServMenu(AutoServMenu.java:37) - [1]. Диагностика автомобиля
[2023-11-13] [16:06:12] [main] INFO helpers.menus.AutoServMenu.autoServMenu(AutoServMenu.java:38) - [2]. Рассчитать время ремонта автомобиля
[2023-11-13] [16:06:12] [main] INFO helpers.menus.AutoServMenu.autoServMenu(AutoServMenu.java:39) - [3]. Рассчитать стоимость ремонта автомобиля
[2023-11-13] [16:06:12] [main] INFO helpers.menus.AutoServMenu.autoServMenu(AutoServMenu.java:40) - [0]. Выход
[2023-11-13] [16:06:13] [main] INFO helpers.menus.CarDiagMenu.diagServiceMenu(CarDiagMenu.java:31) - [32mВыберите авто для диагностики:[0m
[2023-11-13] [16:06:13] [main] INFO helpers.menus.CarDiagMenu.diagServiceMenu(CarDiagMenu.java:35) - [1]. Диагностика BMW X6
[2023-11-13] [16:06:13] [main] INFO helpers.menus.CarDiagMenu.diagServiceMenu(CarDiagMenu.java:36) - [2]. Диагностика Toyota LandCruiser
[2023-11-13] [16:06:13] [main] INFO helpers.menus.CarDiagMenu.diagServiceMenu(CarDiagMenu.java:37) - [3]. Диагностика Mercedes Benz
[2023-11-13] [16:06:13] [main] INFO helpers.menus.CarDiagMenu.diagServiceMenu(CarDiagMenu.java:38) - [0]. Выход
[2023-11-13] [16:06:14] [main] INFO car.CarDiagnostics.checkCar(CarDiagnostics.java:33) - [32mМарка авто: [33mBMW X6[0m
[2023-11-13] [16:06:14] [main] INFO car.CarDiagnostics.checkCar(CarDiagnostics.java:37) - [32mГод выпуска: [33m2023[0m
[2023-11-13] [16:06:14] [main] INFO car.CarDiagnostics.checkCar(CarDiagnostics.java:41) - [32mПробег: [33m1000 км[0m
[2023-11-13] [16:06:15] [main] INFO car.CarDiagnostics.checkCar(CarDiagnostics.java:45) - [32mРезультат диагностики: [33mТребуется замена моторного масла[0m
[2023-11-13] [16:06:15] [main] INFO car.CarDiagnostics.checkCar(CarDiagnostics.java:49) - [32mСтепень повреждений: [33mПовреждения отсутствуют[0m
[2023-11-13] [16:06:15] [main] INFO car.CarDiagnostics.checkCar(CarDiagnostics.java:53) - [32mДиагностика проводилась дней: [33m1
[0m
[2023-11-13] [16:06:15] [main] INFO helpers.menus.CarDiagMenu.diagServiceMenu(CarDiagMenu.java:31) - [32mВыберите авто для диагностики:[0m
[2023-11-13] [16:06:15] [main] INFO helpers.menus.CarDiagMenu.diagServiceMenu(CarDiagMenu.java:35) - [1]. Диагностика BMW X6
[2023-11-13] [16:06:15] [main] INFO helpers.menus.CarDiagMenu.diagServiceMenu(CarDiagMenu.java:36) - [2]. Диагностика Toyota LandCruiser
[2023-11-13] [16:06:15] [main] INFO helpers.menus.CarDiagMenu.diagServiceMenu(CarDiagMenu.java:37) - [3]. Диагностика Mercedes Benz
[2023-11-13] [16:06:15] [main] INFO helpers.menus.CarDiagMenu.diagServiceMenu(CarDiagMenu.java:38) - [0]. Выход
[2023-11-13] [16:06:21] [main] INFO helpers.menus.AutoServMenu.autoServMenu(AutoServMenu.java:33) - [32mУслуги доступные у нас в автосервисе:[0m
[2023-11-13] [16:06:21] [main] INFO helpers.menus.AutoServMenu.autoServMenu(AutoServMenu.java:37) - [1]. Диагностика автомобиля
[2023-11-13] [16:06:21] [main] INFO helpers.menus.AutoServMenu.autoServMenu(AutoServMenu.java:38) - [2]. Рассчитать время ремонта автомобиля
[2023-11-13] [16:06:21] [main] INFO helpers.menus.AutoServMenu.autoServMenu(AutoServMenu.java:39) - [3]. Рассчитать стоимость ремонта автомобиля
[2023-11-13] [16:06:21] [main] INFO helpers.menus.AutoServMenu.autoServMenu(AutoServMenu.java:40) - [0]. Выход
[2023-11-13] [16:06:24] [main] INFO helpers.calcs.RepTimeCalc.calculateRepTime(RepTimeCalc.java:25) - [32mВыберите автомобиль[0m
[2023-11-13] [16:06:24] [main] INFO helpers.calcs.RepTimeCalc.calculateRepTime(RepTimeCalc.java:26) - [1]. BMW X6
[2023-11-13] [16:06:24] [main] INFO helpers.calcs.RepTimeCalc.calculateRepTime(RepTimeCalc.java:27) - [2]. Toyota Land Cruiser
[2023-11-13] [16:06:24] [main] INFO helpers.calcs.RepTimeCalc.calculateRepTime(RepTimeCalc.java:28) - [3]. Mercedes Benz
[2023-11-13] [16:06:24] [main] INFO helpers.calcs.RepTimeCalc.calculateRepTime(RepTimeCalc.java:29) - [0]. Выход
[2023-11-13] [16:06:25] [main] INFO helpers.calcs.RepTimeCalc.calculateRepTime(RepTimeCalc.java:48) - [32mОбщее время ремонта BMW X6 в днях: [33m2
[0m
[2023-11-13] [16:06:25] [main] INFO helpers.menus.AutoServMenu.autoServMenu(AutoServMenu.java:33) - [32mУслуги доступные у нас в автосервисе:[0m
[2023-11-13] [16:06:25] [main] INFO helpers.menus.AutoServMenu.autoServMenu(AutoServMenu.java:37) - [1]. Диагностика автомобиля
[2023-11-13] [16:06:25] [main] INFO helpers.menus.AutoServMenu.autoServMenu(AutoServMenu.java:38) - [2]. Рассчитать время ремонта автомобиля
[2023-11-13] [16:06:25] [main] INFO helpers.menus.AutoServMenu.autoServMenu(AutoServMenu.java:39) - [3]. Рассчитать стоимость ремонта автомобиля
[2023-11-13] [16:06:25] [main] INFO helpers.menus.AutoServMenu.autoServMenu(AutoServMenu.java:40) - [0]. Выход
[2023-11-13] [16:06:27] [main] INFO helpers.menus.AppMainMenu.mainMenu(AppMainMenu.java:46) - [32mПожалуйста, выберите одну из предложенных операций: [0m
[2023-11-13] [16:06:27] [main] INFO helpers.menus.AppMainMenu.mainMenu(AppMainMenu.java:50) - [1]. Показать список услуг автосервиса
[2023-11-13] [16:06:27] [main] INFO helpers.menus.AppMainMenu.mainMenu(AppMainMenu.java:51) - [2]. Показать список клиентов автосервиса
[2023-11-13] [16:06:27] [main] INFO helpers.menus.AppMainMenu.mainMenu(AppMainMenu.java:52) - [3]. Показать список машин обслуживающихся в автосервисе
[2023-11-13] [16:06:27] [main] INFO helpers.menus.AppMainMenu.mainMenu(AppMainMenu.java:53) - [4]. Магазин автозапчастей
[2023-11-13] [16:06:27] [main] INFO helpers.menus.AppMainMenu.mainMenu(AppMainMenu.java:54) - [5]. Показать список автомехаников
[2023-11-13] [16:06:27] [main] INFO helpers.menus.AppMainMenu.mainMenu(AppMainMenu.java:55) - [0]. Выйти из программы
[2023-11-13] [16:06:29] [main] INFO helpers.menus.AutoServMenu.autoServMenu(AutoServMenu.java:33) - [32mУслуги доступные у нас в автосервисе:[0m
[2023-11-13] [16:06:29] [main] INFO helpers.menus.AutoServMenu.autoServMenu(AutoServMenu.java:37) - [1]. Диагностика автомобиля
[2023-11-13] [16:06:29] [main] INFO helpers.menus.AutoServMenu.autoServMenu(AutoServMenu.java:38) - [2]. Рассчитать время ремонта автомобиля
[2023-11-13] [16:06:29] [main] INFO helpers.menus.AutoServMenu.autoServMenu(AutoServMenu.java:39) - [3]. Рассчитать стоимость ремонта автомобиля
[2023-11-13] [16:06:29] [main] INFO helpers.menus.AutoServMenu.autoServMenu(AutoServMenu.java:40) - [0]. Выход
[2023-11-13] [16:06:31] [main] INFO helpers.calcs.RepCostCalc.calcRepCost(RepCostCalc.java:31) - [32mВыберите автомобиль[0m
[2023-11-13] [16:06:31] [main] INFO helpers.calcs.RepCostCalc.calcRepCost(RepCostCalc.java:32) - [1]. BMW X6
[2023-11-13] [16:06:31] [main] INFO helpers.calcs.RepCostCalc.calcRepCost(RepCostCalc.java:33) - [2]. Toyota Land Cruiser
[2023-11-13] [16:06:31] [main] INFO helpers.calcs.RepCostCalc.calcRepCost(RepCostCalc.java:34) - [3]. Mercedes Benz
[2023-11-13] [16:06:31] [main] INFO helpers.calcs.RepCostCalc.calcRepCost(RepCostCalc.java:35) - [0]. Выход
[2023-11-13] [16:06:32] [main] INFO helpers.calcs.RepCostCalc.calcRepCost(RepCostCalc.java:68) - [32mОбщая стоимость ремонта BMW X6: [33m245.00$
[0m
[2023-11-13] [16:06:32] [main] INFO helpers.menus.AutoServMenu.autoServMenu(AutoServMenu.java:33) - [32mУслуги доступные у нас в автосервисе:[0m
[2023-11-13] [16:06:32] [main] INFO helpers.menus.AutoServMenu.autoServMenu(AutoServMenu.java:37) - [1]. Диагностика автомобиля
[2023-11-13] [16:06:32] [main] INFO helpers.menus.AutoServMenu.autoServMenu(AutoServMenu.java:38) - [2]. Рассчитать время ремонта автомобиля
[2023-11-13] [16:06:32] [main] INFO helpers.menus.AutoServMenu.autoServMenu(AutoServMenu.java:39) - [3]. Рассчитать стоимость ремонта автомобиля
[2023-11-13] [16:06:32] [main] INFO helpers.menus.AutoServMenu.autoServMenu(AutoServMenu.java:40) - [0]. Выход
[2023-11-13] [16:06:34] [main] INFO helpers.menus.AppMainMenu.mainMenu(AppMainMenu.java:46) - [32mПожалуйста, выберите одну из предложенных операций: [0m
[2023-11-13] [16:06:34] [main] INFO helpers.menus.AppMainMenu.mainMenu(AppMainMenu.java:50) - [1]. Показать список услуг автосервиса
[2023-11-13] [16:06:34] [main] INFO helpers.menus.AppMainMenu.mainMenu(AppMainMenu.java:51) - [2]. Показать список клиентов автосервиса
[2023-11-13] [16:06:34] [main] INFO helpers.menus.AppMainMenu.mainMenu(AppMainMenu.java:52) - [3]. Показать список машин обслуживающихся в автосервисе
[2023-11-13] [16:06:34] [main] INFO helpers.menus.AppMainMenu.mainMenu(AppMainMenu.java:53) - [4]. Магазин автозапчастей
[2023-11-13] [16:06:34] [main] INFO helpers.menus.AppMainMenu.mainMenu(AppMainMenu.java:54) - [5]. Показать список автомехаников
[2023-11-13] [16:06:34] [main] INFO helpers.menus.AppMainMenu.mainMenu(AppMainMenu.java:55) - [0]. Выйти из программы
[2023-11-13] [16:06:36] [main] INFO car.Car.showCars(Car.java:154) - [32mМарка автомобиля: [33mBMW X6[0m
[2023-11-13] [16:06:36] [main] INFO car.Car.showCars(Car.java:158) - [32mГод выпуска: [33m2023[0m
[2023-11-13] [16:06:36] [main] INFO car.Car.showCars(Car.java:162) - [32mПробег км: [33m1000[0m
[2023-11-13] [16:06:36] [main] INFO car.Car.isCarWashed(Car.java:72) - [32mВнешний вид машины: [0mМашина помыта[0m
[2023-11-13] [16:06:36] [main] INFO car.Car.isCarPainted(Car.java:90) - [32mПокраска кузова: [0mМашина не перекрашивалась[0m
[2023-11-13] [16:06:36] [main] INFO car.Car.isCarBodyRepaired(Car.java:108) - [32mСостояние кузова: [0mПроводился ремонт кузова[0m
[2023-11-13] [16:06:36] [main] INFO car.Car.isCarElectronicsRepaired(Car.java:126) - [32mСостояние электроники: [0mРемонта и замены электроники не проводилось[0m
[2023-11-13] [16:06:36] [main] INFO car.Car.isCarModernized(Car.java:144) - [32mМодернизация: [0mАвтомобиль модернизирован[0m
[2023-11-13] [16:06:36] [main] INFO car.Car.showCars(Car.java:191) - [32mИнформация о запчастях: [0m[[0m
Тип запчасти: [33mМоторное масло,[0m[0m Марка запчасти: [33mMobil 1,[0m[0m Наличие в магазине: [33mда[0m[0m Стоимость: [33m253.1250000000[0m[0m Срок поставки: [33m0[0m, [0m
Тип запчасти: [33mКомплект шин,[0m[0m Марка запчасти: [33mБелшина,[0m[0m Наличие в магазине: [33mнет[0m[0m Стоимость: [33m200.00[0m[0m Срок поставки: [33m7[0m, [0m
Тип запчасти: [33mКомплект тормозов,[0m[0m Марка запчасти: [33mШустрые тормоза,[0m[0m Наличие в магазине: [33mда[0m[0m Стоимость: [33m100.00[0m[0m Срок поставки: [33m0[0m]
[0m
[2023-11-13] [16:06:36] [main] INFO car.Car.showCars(Car.java:154) - [32mМарка автомобиля: [33mToyota Land Cruiser[0m
[2023-11-13] [16:06:36] [main] INFO car.Car.showCars(Car.java:158) - [32mГод выпуска: [33m2020[0m
[2023-11-13] [16:06:36] [main] INFO car.Car.showCars(Car.java:162) - [32mПробег км: [33m20000[0m
[2023-11-13] [16:06:36] [main] INFO car.Car.isCarWashed(Car.java:72) - [32mВнешний вид машины: [0mМашина не помыта[0m
[2023-11-13] [16:06:36] [main] INFO car.Car.isCarPainted(Car.java:90) - [32mПокраска кузова: [0mМашина перекрашена[0m
[2023-11-13] [16:06:36] [main] INFO car.Car.isCarBodyRepaired(Car.java:108) - [32mСостояние кузова: [0mРемонт кузова не проводился[0m
[2023-11-13] [16:06:36] [main] INFO car.Car.isCarElectronicsRepaired(Car.java:126) - [32mСостояние электроники: [0mПроведён ремонт и замена электроники[0m
[2023-11-13] [16:06:36] [main] INFO car.Car.isCarModernized(Car.java:144) - [32mМодернизация: [0mМодернизация не проводилась[0m
[2023-11-13] [16:06:36] [main] INFO car.Car.showCars(Car.java:191) - [32mИнформация о запчастях: [0m[[0m
Тип запчасти: [33mМоторное масло,[0m[0m Марка запчасти: [33mMobil 1,[0m[0m Наличие в магазине: [33mда[0m[0m Стоимость: [33m253.1250000000[0m[0m Срок поставки: [33m0[0m, [0m
Тип запчасти: [33mКомплект шин,[0m[0m Марка запчасти: [33mБелшина,[0m[0m Наличие в магазине: [33mнет[0m[0m Стоимость: [33m200.00[0m[0m Срок поставки: [33m7[0m]
[0m
[2023-11-13] [16:06:36] [main] INFO car.Car.showCars(Car.java:154) - [32mМарка автомобиля: [33mMercedes Benz[0m
[2023-11-13] [16:06:36] [main] INFO car.Car.showCars(Car.java:158) - [32mГод выпуска: [33m2015[0m
[2023-11-13] [16:06:36] [main] INFO car.Car.showCars(Car.java:162) - [32mПробег км: [33m500000[0m
[2023-11-13] [16:06:36] [main] INFO car.Car.isCarWashed(Car.java:72) - [32mВнешний вид машины: [0mМашина помыта[0m
[2023-11-13] [16:06:36] [main] INFO car.Car.isCarPainted(Car.java:90) - [32mПокраска кузова: [0mМашина перекрашена[0m
[2023-11-13] [16:06:36] [main] INFO car.Car.isCarBodyRepaired(Car.java:108) - [32mСостояние кузова: [0mРемонт кузова не проводился[0m
[2023-11-13] [16:06:36] [main] INFO car.Car.isCarElectronicsRepaired(Car.java:126) - [32mСостояние электроники: [0mРемонта и замены электроники не проводилось[0m
[2023-11-13] [16:06:36] [main] INFO car.Car.isCarModernized(Car.java:144) - [32mМодернизация: [0mАвтомобиль модернизирован[0m
[2023-11-13] [16:06:36] [main] INFO car.Car.showCars(Car.java:191) - [32mИнформация о запчастях: [0m[[0m
Тип запчасти: [33mМоторное масло,[0m[0m Марка запчасти: [33mMobil 1,[0m[0m Наличие в магазине: [33mда[0m[0m Стоимость: [33m253.1250000000[0m[0m Срок поставки: [33m0[0m]
[0m
[2023-11-13] [16:06:36] [main] INFO car.Car.showCars(Car.java:154) - [32mМарка автомобиля: [33mBMW X6[0m
[2023-11-13] [16:06:36] [main] INFO car.Car.showCars(Car.java:158) - [32mГод выпуска: [33m2023[0m
[2023-11-13] [16:06:36] [main] INFO car.Car.showCars(Car.java:162) - [32mПробег км: [33m1000[0m
[2023-11-13] [16:06:36] [main] INFO car.Car.isCarWashed(Car.java:72) - [32mВнешний вид машины: [0mМашина помыта[0m
[2023-11-13] [16:06:36] [main] INFO car.Car.isCarPainted(Car.java:90) - [32mПокраска кузова: [0mМашина не перекрашивалась[0m
[2023-11-13] [16:06:36] [main] INFO car.Car.isCarBodyRepaired(Car.java:108) - [32mСостояние кузова: [0mПроводился ремонт кузова[0m
[2023-11-13] [16:06:36] [main] INFO car.Car.isCarElectronicsRepaired(Car.java:126) - [32mСостояние электроники: [0mРемонта и замены электроники не проводилось[0m
[2023-11-13] [16:06:36] [main] INFO car.Car.isCarModernized(Car.java:144) - [32mМодернизация: [0mАвтомобиль модернизирован[0m
[2023-11-13] [16:06:36] [main] INFO car.Car.showCars(Car.java:191) - [32mИнформация о запчастях: [0m[[0m
Тип запчасти: [33mМоторное масло,[0m[0m Марка запчасти: [33mMobil 1,[0m[0m Наличие в магазине: [33mда[0m[0m Стоимость: [33m253.1250000000[0m[0m Срок поставки: [33m0[0m, [0m
Тип запчасти: [33mКомплект шин,[0m[0m Марка запчасти: [33mБелшина,[0m[0m Наличие в магазине: [33mнет[0m[0m Стоимость: [33m200.00[0m[0m Срок поставки: [33m7[0m, [0m
Тип запчасти: [33mКомплект тормозов,[0m[0m Марка запчасти: [33mШустрые тормоза,[0m[0m Наличие в магазине: [33mда[0m[0m Стоимость: [33m100.00[0m[0m Срок поставки: [33m0[0m]
[0m
[2023-11-13] [16:06:36] [main] INFO car.Car.showCars(Car.java:154) - [32mМарка автомобиля: [33mToyota Land Cruiser[0m
[2023-11-13] [16:06:36] [main] INFO car.Car.showCars(Car.java:158) - [32mГод выпуска: [33m2020[0m
[2023-11-13] [16:06:36] [main] INFO car.Car.showCars(Car.java:162) - [32mПробег км: [33m20000[0m
[2023-11-13] [16:06:36] [main] INFO car.Car.isCarWashed(Car.java:72) - [32mВнешний вид машины: [0mМашина не помыта[0m
[2023-11-13] [16:06:36] [main] INFO car.Car.isCarPainted(Car.java:90) - [32mПокраска кузова: [0mМашина перекрашена[0m
[2023-11-13] [16:06:36] [main] INFO car.Car.isCarBodyRepaired(Car.java:108) - [32mСостояние кузова: [0mРемонт кузова не проводился[0m
[2023-11-13] [16:06:36] [main] INFO car.Car.isCarElectronicsRepaired(Car.java:126) - [32mСостояние электроники: [0mПроведён ремонт и замена электроники[0m
[2023-11-13] [16:06:36] [main] INFO car.Car.isCarModernized(Car.java:144) - [32mМодернизация: [0mМодернизация не проводилась[0m
[2023-11-13] [16:06:36] [main] INFO car.Car.showCars(Car.java:191) - [32mИнформация о запчастях: [0m[[0m
Тип запчасти: [33mМоторное масло,[0m[0m Марка запчасти: [33mMobil 1,[0m[0m Наличие в магазине: [33mда[0m[0m Стоимость: [33m253.1250000000[0m[0m Срок поставки: [33m0[0m, [0m
Тип запчасти: [33mКомплект шин,[0m[0m Марка запчасти: [33mБелшина,[0m[0m Наличие в магазине: [33mнет[0m[0m Стоимость: [33m200.00[0m[0m Срок поставки: [33m7[0m]
[0m
[2023-11-13] [16:06:36] [main] INFO car.Car.showCars(Car.java:154) - [32mМарка автомобиля: [33mMercedes Benz[0m
[2023-11-13] [16:06:36] [main] INFO car.Car.showCars(Car.java:158) - [32mГод выпуска: [33m2015[0m
[2023-11-13] [16:06:36] [main] INFO car.Car.showCars(Car.java:162) - [32mПробег км: [33m500000[0m
[2023-11-13] [16:06:36] [main] INFO car.Car.isCarWashed(Car.java:72) - [32mВнешний вид машины: [0mМашина помыта[0m
[2023-11-13] [16:06:36] [main] INFO car.Car.isCarPainted(Car.java:90) - [32mПокраска кузова: [0mМашина перекрашена[0m
[2023-11-13] [16:06:36] [main] INFO car.Car.isCarBodyRepaired(Car.java:108) - [32mСостояние кузова: [0mРемонт кузова не проводился[0m
[2023-11-13] [16:06:36] [main] INFO car.Car.isCarElectronicsRepaired(Car.java:126) - [32mСостояние электроники: [0mРемонта и замены электроники не проводилось[0m
[2023-11-13] [16:06:36] [main] INFO car.Car.isCarModernized(Car.java:144) - [32mМодернизация: [0mАвтомобиль модернизирован[0m
[2023-11-13] [16:06:36] [main] INFO car.Car.showCars(Car.java:191) - [32mИнформация о запчастях: [0m[[0m
Тип запчасти: [33mМоторное масло,[0m[0m Марка запчасти: [33mMobil 1,[0m[0m Наличие в магазине: [33mда[0m[0m Стоимость: [33m253.1250000000[0m[0m Срок поставки: [33m0[0m]
[0m
[2023-11-13] [16:06:36] [main] INFO helpers.menus.AppMainMenu.mainMenu(AppMainMenu.java:46) - [32mПожалуйста, выберите одну из предложенных операций: [0m
[2023-11-13] [16:06:36] [main] INFO helpers.menus.AppMainMenu.mainMenu(AppMainMenu.java:50) - [1]. Показать список услуг автосервиса
[2023-11-13] [16:06:36] [main] INFO helpers.menus.AppMainMenu.mainMenu(AppMainMenu.java:51) - [2]. Показать список клиентов автосервиса
[2023-11-13] [16:06:36] [main] INFO helpers.menus.AppMainMenu.mainMenu(AppMainMenu.java:52) - [3]. Показать список машин обслуживающихся в автосервисе
[2023-11-13] [16:06:36] [main] INFO helpers.menus.AppMainMenu.mainMenu(AppMainMenu.java:53) - [4]. Магазин автозапчастей
[2023-11-13] [16:06:36] [main] INFO helpers.menus.AppMainMenu.mainMenu(AppMainMenu.java:54) - [5]. Показать список автомехаников
[2023-11-13] [16:06:36] [main] INFO helpers.menus.AppMainMenu.mainMenu(AppMainMenu.java:55) - [0]. Выйти из программы
[2023-11-13] [16:34:58] [main] INFO helpers.menus.AppMainMenu.<clinit>(AppMainMenu.java:32) - [32mДобро пожаловать в автосервис '4 колеса'![0m
[2023-11-13] [16:34:58] [main] INFO helpers.menus.AppMainMenu.mainMenu(AppMainMenu.java:46) - [32mПожалуйста, выберите одну из предложенных операций: [0m
[2023-11-13] [16:34:58] [main] INFO helpers.menus.AppMainMenu.mainMenu(AppMainMenu.java:50) - [1]. Показать список услуг автосервиса
[2023-11-13] [16:34:58] [main] INFO helpers.menus.AppMainMenu.mainMenu(AppMainMenu.java:51) - [2]. Показать список клиентов автосервиса
[2023-11-13] [16:34:58] [main] INFO helpers.menus.AppMainMenu.mainMenu(AppMainMenu.java:52) - [3]. Показать список машин обслуживающихся в автосервисе
[2023-11-13] [16:34:58] [main] INFO helpers.menus.AppMainMenu.mainMenu(AppMainMenu.java:53) - [4]. Магазин автозапчастей
[2023-11-13] [16:34:58] [main] INFO helpers.menus.AppMainMenu.mainMenu(AppMainMenu.java:54) - [5]. Показать список автомехаников
[2023-11-13] [16:34:58] [main] INFO helpers.menus.AppMainMenu.mainMenu(AppMainMenu.java:55) - [0]. Выйти из программы
[2023-11-13] [16:35:11] [main] INFO helpers.menus.AppMainMenu.mainMenu(AppMainMenu.java:46) - [32mПожалуйста, выберите одну из предложенных операций: [0m
[2023-11-13] [16:35:11] [main] INFO helpers.menus.AppMainMenu.mainMenu(AppMainMenu.java:50) - [1]. Показать список услуг автосервиса
[2023-11-13] [16:35:11] [main] INFO helpers.menus.AppMainMenu.mainMenu(AppMainMenu.java:51) - [2]. Показать список клиентов автосервиса
[2023-11-13] [16:35:11] [main] INFO helpers.menus.AppMainMenu.mainMenu(AppMainMenu.java:52) - [3]. Показать список машин обслуживающихся в автосервисе
[2023-11-13] [16:35:11] [main] INFO helpers.menus.AppMainMenu.mainMenu(AppMainMenu.java:53) - [4]. Магазин автозапчастей
[2023-11-13] [16:35:11] [main] INFO helpers.menus.AppMainMenu.mainMenu(AppMainMenu.java:54) - [5]. Показать список автомехаников
[2023-11-13] [16:35:11] [main] INFO helpers.menus.AppMainMenu.mainMenu(AppMainMenu.java:55) - [0]. Выйти из программы
[2023-11-13] [16:36:25] [main] INFO helpers.menus.AppMainMenu.<clinit>(AppMainMenu.java:32) - [32mДобро пожаловать в автосервис '4 колеса'![0m
[2023-11-13] [16:36:25] [main] INFO helpers.menus.AppMainMenu.mainMenu(AppMainMenu.java:46) - [32mПожалуйста, выберите одну из предложенных операций: [0m
[2023-11-13] [16:36:25] [main] INFO helpers.menus.AppMainMenu.mainMenu(AppMainMenu.java:50) - [1]. Показать список услуг автосервиса
[2023-11-13] [16:36:25] [main] INFO helpers.menus.AppMainMenu.mainMenu(AppMainMenu.java:51) - [2]. Показать список клиентов автосервиса
[2023-11-13] [16:36:25] [main] INFO helpers.menus.AppMainMenu.mainMenu(AppMainMenu.java:52) - [3]. Показать список машин обслуживающихся в автосервисе
[2023-11-13] [16:36:25] [main] INFO helpers.menus.AppMainMenu.mainMenu(AppMainMenu.java:53) - [4]. Магазин автозапчастей
[2023-11-13] [16:36:25] [main] INFO helpers.menus.AppMainMenu.mainMenu(AppMainMenu.java:54) - [5]. Показать список автомехаников
[2023-11-13] [16:36:25] [main] INFO helpers.menus.AppMainMenu.mainMenu(AppMainMenu.java:55) - [0]. Выйти из программы
[2023-11-13] [16:36:31] [main] INFO persons.Mechanic.showMechanics(Mechanic.java:36) - [32mИмя и фамилия: [33mВладлен Поддубицкий[0m
[2023-11-13] [16:36:31] [main] INFO persons.Mechanic.showMechanics(Mechanic.java:40) - [32mЭкспертиза: [33mмастер[0m
[2023-11-13] [16:36:31] [main] INFO persons.Mechanic.showMechanics(Mechanic.java:44) - [32mДоступность: [33mзанят
[0m
[2023-11-13] [16:36:31] [main] INFO persons.Mechanic.showMechanics(Mechanic.java:36) - [32mИмя и фамилия: [33mВячеслав Маршал[0m
[2023-11-13] [16:36:31] [main] INFO persons.Mechanic.showMechanics(Mechanic.java:40) - [32mЭкспертиза: [33mспециалист[0m
[2023-11-13] [16:36:31] [main] INFO persons.Mechanic.showMechanics(Mechanic.java:44) - [32mДоступность: [33mсвободен
[0m
[2023-11-13] [16:36:31] [main] INFO persons.Mechanic.showMechanics(Mechanic.java:36) - [32mИмя и фамилия: [33mЕвгений Белый[0m
[2023-11-13] [16:36:31] [main] INFO persons.Mechanic.showMechanics(Mechanic.java:40) - [32mЭкспертиза: [33mстажёр[0m
[2023-11-13] [16:36:31] [main] INFO persons.Mechanic.showMechanics(Mechanic.java:44) - [32mДоступность: [33mсвободен
[0m
[2023-11-13] [16:36:31] [main] INFO helpers.menus.AppMainMenu.mainMenu(AppMainMenu.java:46) - [32mПожалуйста, выберите одну из предложенных операций: [0m
[2023-11-13] [16:36:31] [main] INFO helpers.menus.AppMainMenu.mainMenu(AppMainMenu.java:50) - [1]. Показать список услуг автосервиса
[2023-11-13] [16:36:31] [main] INFO helpers.menus.AppMainMenu.mainMenu(AppMainMenu.java:51) - [2]. Показать список клиентов автосервиса
[2023-11-13] [16:36:31] [main] INFO helpers.menus.AppMainMenu.mainMenu(AppMainMenu.java:52) - [3]. Показать список машин обслуживающихся в автосервисе
[2023-11-13] [16:36:31] [main] INFO helpers.menus.AppMainMenu.mainMenu(AppMainMenu.java:53) - [4]. Магазин автозапчастей
[2023-11-13] [16:36:31] [main] INFO helpers.menus.AppMainMenu.mainMenu(AppMainMenu.java:54) - [5]. Показать список автомехаников
[2023-11-13] [16:36:31] [main] INFO helpers.menus.AppMainMenu.mainMenu(AppMainMenu.java:55) - [0]. Выйти из программы
